SF:lib\core\health\health_models.dart
DA:7,2
DA:36,0
DA:37,0
DA:38,0
DA:39,0
DA:40,0
DA:41,0
DA:42,0
DA:43,0
DA:44,0
DA:45,0
DA:52,1
LF:12
LH:2
end_of_record
SF:lib\core\health\health_service.dart
DA:36,2
DA:42,2
DA:43,4
DA:44,8
DA:45,4
DA:46,4
DA:47,2
DA:49,8
DA:50,6
DA:51,4
DA:52,6
DA:53,6
DA:54,4
DA:59,2
DA:60,2
DA:62,1
DA:64,2
DA:65,1
DA:66,1
DA:69,1
DA:74,2
DA:75,1
DA:76,1
DA:77,1
DA:78,2
DA:79,4
DA:80,1
DA:83,2
DA:85,4
DA:86,2
DA:87,2
DA:88,1
DA:89,4
DA:90,4
DA:91,4
DA:92,0
DA:96,1
DA:98,2
LF:38
LH:37
end_of_record
SF:lib\core\notifications\mock_notification_service.dart
DA:5,2
DA:31,2
DA:34,2
DA:36,6
DA:37,6
DA:39,4
DA:40,2
DA:41,2
DA:42,2
DA:43,2
DA:45,2
DA:48,1
DA:50,1
DA:51,1
DA:54,2
DA:59,4
DA:60,6
DA:63,6
DA:66,8
DA:67,2
DA:69,4
DA:70,6
DA:74,2
DA:76,4
DA:79,1
DA:81,2
LF:26
LH:26
end_of_record
SF:lib\features\workouts\data\scheduled_session.dart
DA:7,6
DA:25,4
DA:34,4
DA:35,4
DA:36,4
DA:37,4
DA:38,3
DA:39,2
DA:40,4
DA:41,3
DA:44,2
DA:45,2
DA:46,2
DA:47,2
DA:48,3
DA:49,2
DA:50,3
DA:51,3
DA:54,1
DA:55,1
DA:57,1
DA:58,1
DA:59,1
DA:62,0
DA:63,0
DA:65,1
DA:66,1
DA:67,3
DA:68,1
DA:70,1
DA:71,1
DA:72,1
DA:73,1
DA:75,2
DA:77,1
DA:81,1
DA:84,1
DA:85,3
DA:86,3
DA:87,3
DA:88,3
DA:89,3
DA:90,3
DA:91,3
DA:93,1
DA:94,5
DA:95,3
LF:47
LH:45
end_of_record
SF:lib\core\wear\wear_sync_service.dart
DA:11,2
DA:27,2
DA:28,2
DA:29,2
DA:30,2
DA:31,3
DA:32,2
DA:33,2
DA:36,1
DA:37,1
DA:38,1
DA:39,2
DA:40,2
DA:41,2
DA:42,2
DA:43,2
DA:67,2
DA:76,0
DA:79,0
DA:86,0
DA:89,0
DA:91,0
DA:99,0
DA:101,0
DA:102,0
DA:103,0
DA:104,0
DA:106,0
DA:117,0
DA:118,0
DA:120,1
DA:122,2
DA:123,1
DA:126,0
DA:127,0
DA:129,0
DA:130,0
LF:37
LH:20
end_of_record
SF:lib\features\ai_planner\data\plan_builder.dart
DA:19,1
DA:27,1
DA:32,1
DA:37,1
DA:38,1
DA:39,1
DA:41,3
DA:43,3
DA:47,1
DA:49,2
DA:50,4
DA:53,1
DA:54,2
DA:55,2
DA:60,1
DA:62,3
DA:64,2
DA:67,1
DA:68,1
DA:69,2
DA:70,2
DA:73,3
DA:75,1
DA:76,3
DA:77,1
DA:78,2
DA:83,1
DA:84,1
DA:88,1
DA:89,1
DA:91,1
DA:95,1
DA:97,1
LF:33
LH:33
end_of_record
SF:lib\features\cycle_aware\data\cycle_phase.dart
DA:10,1
DA:11,1
DA:12,1
DA:14,2
DA:15,2
DA:16,2
DA:24,39
DA:45,2
DA:47,2
DA:55,2
DA:63,2
DA:71,2
LF:12
LH:12
end_of_record
SF:lib\features\equipment\data\equipment_models.dart
DA:8,7
DA:40,2
DA:41,1
DA:42,1
DA:43,1
DA:44,2
DA:45,1
DA:46,4
DA:47,0
DA:49,1
DA:50,1
DA:51,2
DA:52,1
DA:54,2
DA:61,3
DA:77,0
DA:78,0
DA:79,0
DA:80,0
DA:81,0
DA:82,0
DA:83,0
DA:90,1
DA:94,1
DA:96,1
DA:98,2
DA:99,2
DA:100,4
DA:101,1
DA:102,1
LF:30
LH:22
end_of_record
SF:lib\features\personalisation\data\fitness_model.dart
DA:21,3
DA:31,18
DA:35,0
DA:36,0
DA:41,0
DA:42,0
DA:43,0
DA:45,0
DA:46,0
DA:51,0
DA:52,0
DA:54,0
DA:55,0
DA:56,0
DA:63,41
DA:67,3
DA:69,3
DA:70,6
DA:71,2
DA:75,3
DA:76,3
DA:77,3
DA:79,6
DA:80,9
DA:82,6
DA:91,1
DA:96,1
DA:97,1
DA:98,2
DA:99,1
DA:100,2
DA:101,1
DA:103,3
DA:105,4
DA:107,1
DA:108,1
DA:109,1
DA:110,1
DA:112,2
DA:113,1
DA:114,1
DA:115,2
DA:117,3
DA:118,3
DA:122,1
LF:45
LH:33
end_of_record
SF:lib\features\profile\data\profile_models.dart
DA:42,4
DA:46,0
DA:48,0
DA:49,0
DA:50,0
DA:53,1
DA:56,0
DA:58,1
DA:59,3
DA:63,50
DA:81,1
DA:82,1
DA:83,1
DA:84,1
DA:85,1
DA:86,1
DA:88,1
DA:96,1
DA:97,0
DA:98,1
DA:99,1
DA:100,1
DA:101,1
DA:102,1
DA:107,47
DA:129,0
DA:139,0
DA:140,0
DA:141,0
DA:142,0
DA:143,0
DA:144,0
DA:145,0
DA:146,0
DA:147,0
DA:152,47
DA:172,1
DA:173,1
DA:174,1
DA:175,1
DA:176,1
DA:177,1
DA:178,1
DA:179,3
DA:181,1
DA:190,1
DA:191,0
DA:192,1
DA:193,1
DA:194,1
DA:195,1
DA:196,1
DA:197,1
DA:202,47
DA:216,1
DA:222,1
DA:223,0
DA:224,1
DA:225,1
DA:226,1
DA:231,45
DA:249,0
DA:257,0
DA:258,0
DA:259,0
DA:260,0
DA:261,0
DA:262,0
DA:263,0
DA:268,45
DA:275,0
DA:279,0
DA:280,0
DA:281,0
DA:286,45
DA:298,0
DA:303,0
DA:304,0
DA:305,0
DA:306,0
DA:311,6
DA:335,8
DA:337,4
DA:347,4
DA:348,4
DA:349,4
DA:350,4
DA:351,4
DA:352,4
DA:353,4
DA:354,4
DA:355,4
DA:356,4
DA:359,8
LF:94
LH:59
end_of_record
SF:lib\features\recovery\data\deload_detector.dart
DA:22,41
DA:40,2
DA:47,1
DA:48,2
DA:52,4
DA:53,2
DA:54,6
DA:55,4
DA:56,4
DA:57,7
DA:59,1
DA:60,2
DA:67,3
DA:68,2
DA:69,2
DA:70,2
DA:72,5
DA:73,2
DA:74,6
DA:76,2
DA:77,2
DA:78,1
DA:79,1
DA:80,2
DA:84,3
DA:90,1
DA:91,1
DA:92,1
DA:94,1
DA:95,4
DA:101,2
DA:102,2
DA:105,2
DA:106,1
DA:108,1
DA:119,1
DA:120,1
DA:121,1
DA:122,5
LF:39
LH:39
end_of_record
SF:lib\features\equipment\data\exercise_filter.dart
DA:11,3
DA:13,3
DA:14,6
DA:15,3
DA:16,6
DA:22,3
DA:23,3
DA:24,3
DA:25,6
DA:26,3
DA:27,3
DA:33,3
DA:37,6
DA:38,12
DA:40,6
DA:41,6
DA:42,6
DA:43,6
DA:44,3
DA:49,3
DA:52,1
DA:54,1
DA:56,1
DA:58,1
DA:63,1
DA:65,1
DA:67,1
DA:69,1
DA:77,2
DA:81,2
DA:83,1
DA:84,2
DA:85,4
DA:86,4
DA:87,2
DA:90,1
DA:91,0
DA:93,1
DA:94,0
DA:103,3
DA:107,2
DA:108,6
DA:109,6
LF:43
LH:41
end_of_record
SF:lib\features\equipment\data\asset_equipment_repository.dart
DA:9,3
DA:14,3
DA:15,6
DA:16,0
DA:17,0
DA:18,0
DA:19,0
DA:20,0
DA:21,0
DA:22,0
DA:23,0
DA:24,0
DA:25,0
DA:29,3
DA:33,6
DA:34,6
DA:37,3
DA:39,3
DA:40,3
DA:43,1
DA:45,1
DA:46,3
DA:47,2
DA:52,3
DA:54,3
DA:55,3
DA:56,12
DA:57,3
DA:60,3
DA:62,3
DA:63,3
DA:64,9
DA:65,3
LF:33
LH:23
end_of_record
SF:lib\features\ai_planner\data\workout_plan.dart
DA:5,1
LF:1
LH:1
end_of_record
SF:lib\features\workouts\data\workout_log.dart
DA:13,1
DA:15,1
DA:16,1
DA:17,1
DA:19,1
DA:31,7
DA:63,2
DA:74,2
DA:75,2
DA:76,2
DA:77,2
DA:78,2
DA:79,1
DA:80,2
DA:81,2
DA:82,2
DA:83,2
DA:86,2
DA:87,2
DA:88,2
DA:89,2
DA:90,3
DA:91,2
DA:92,3
DA:93,1
DA:94,1
DA:95,1
DA:98,1
DA:99,1
DA:101,1
DA:102,1
DA:103,1
DA:108,0
DA:109,0
DA:112,1
DA:114,0
DA:115,0
DA:121,1
DA:122,1
DA:123,1
DA:124,2
DA:126,2
DA:127,1
DA:128,1
DA:129,1
DA:134,1
DA:137,1
DA:138,3
DA:139,3
DA:140,3
DA:141,3
DA:142,3
DA:143,3
DA:144,3
DA:145,3
DA:146,3
DA:148,1
DA:149,5
DA:150,5
LF:59
LH:55
end_of_record
SF:lib\features\auth\data\auth_repository.dart
DA:26,2
DA:30,0
DA:31,0
LF:3
LH:1
end_of_record
SF:lib\features\auth\data\auth_user.dart
DA:3,10
DA:17,0
DA:22,0
DA:23,0
DA:24,0
DA:25,0
DA:26,0
DA:27,0
DA:30,1
DA:33,0
DA:34,0
DA:35,0
DA:36,0
DA:37,0
DA:38,0
DA:40,0
DA:41,0
LF:17
LH:2
end_of_record
SF:lib\features\auth\data\mock_auth_repository.dart
DA:12,11
DA:14,33
DA:22,9
DA:25,9
DA:26,9
DA:27,18
DA:28,36
DA:29,18
DA:32,9
DA:35,5
DA:36,5
DA:38,5
DA:40,10
DA:41,5
DA:42,5
DA:46,5
DA:47,10
DA:51,3
DA:53,6
DA:54,3
DA:55,3
DA:61,3
DA:62,6
DA:66,2
DA:68,4
DA:69,2
DA:70,4
DA:73,5
DA:74,20
DA:76,20
DA:77,5
DA:80,30
LF:32
LH:32
end_of_record
SF:lib\features\auth\state\auth_providers.dart
DA:9,34
DA:10,4
DA:11,8
DA:16,39
DA:17,12
DA:18,6
DA:22,8
DA:23,4
DA:26,4
DA:29,8
DA:31,2
DA:32,2
DA:34,4
DA:35,2
DA:37,2
DA:41,2
DA:42,2
DA:44,4
DA:45,2
DA:47,0
DA:51,1
DA:52,1
DA:54,2
DA:55,1
DA:57,0
LF:25
LH:23
end_of_record
SF:lib\features\body_comp\data\body_comp_estimate.dart
DA:10,0
DA:38,1
DA:45,3
DA:46,1
DA:47,3
DA:49,4
DA:50,3
DA:52,1
DA:54,5
DA:55,3
DA:57,1
LF:11
LH:10
end_of_record
SF:lib\features\buddy\data\buddy_match.dart
DA:8,1
DA:31,1
DA:44,1
DA:48,1
DA:49,2
DA:50,3
DA:51,3
DA:54,1
DA:56,1
DA:57,1
DA:59,3
DA:60,1
DA:61,1
DA:64,1
DA:65,1
DA:66,3
DA:67,1
DA:68,7
DA:69,4
DA:71,2
DA:73,1
LF:21
LH:21
end_of_record
SF:lib\features\catalog\data\community_video.dart
DA:6,1
DA:32,2
DA:33,2
DA:34,2
DA:35,2
DA:36,2
DA:37,3
DA:38,3
DA:39,3
DA:40,3
DA:41,3
DA:42,4
DA:45,1
DA:46,1
DA:48,1
DA:49,1
DA:50,1
DA:52,1
DA:53,2
DA:54,0
DA:55,1
DA:56,4
DA:57,0
DA:59,1
DA:60,2
DA:61,1
DA:62,2
DA:63,2
LF:28
LH:26
end_of_record
SF:lib\features\catalog\data\community_video_repository.dart
DA:38,1
DA:43,6
DA:44,1
DA:45,2
DA:48,1
DA:57,1
DA:58,3
DA:63,1
DA:68,2
DA:72,1
DA:75,5
DA:76,1
DA:77,2
DA:78,3
DA:79,1
DA:80,1
DA:81,1
DA:82,1
DA:83,1
DA:84,1
DA:86,1
DA:87,1
DA:89,1
DA:93,1
DA:99,5
DA:100,1
DA:101,2
DA:102,3
DA:103,1
DA:104,1
DA:105,1
DA:106,1
DA:107,1
DA:108,1
DA:111,1
DA:113,1
LF:36
LH:36
end_of_record
SF:lib\features\celebrity_plans\data\celebrity_plan_repository.dart
DA:9,3
DA:44,1
DA:45,2
DA:47,1
DA:49,2
DA:50,2
LF:6
LH:6
end_of_record
SF:lib\features\celebrity_plans\data\celebrity_plan.dart
DA:5,4
LF:1
LH:1
end_of_record
SF:lib\features\donor_wall\data\donor_wall_entry.dart
DA:8,1
DA:24,2
DA:25,2
DA:26,2
DA:27,3
DA:28,3
DA:29,2
DA:32,1
DA:33,1
DA:36,4
DA:37,1
DA:39,1
DA:40,2
DA:41,0
DA:42,4
DA:43,1
DA:45,2
DA:49,1
DA:52,1
DA:53,3
DA:54,3
DA:55,3
DA:56,3
DA:57,3
DA:58,3
DA:60,0
DA:62,0
LF:27
LH:24
end_of_record
SF:lib\features\donor_wall\data\donor_wall_repository.dart
DA:27,1
DA:28,2
DA:29,1
DA:37,2
DA:39,1
DA:40,2
DA:41,2
DA:43,5
DA:44,3
DA:46,2
DA:49,1
DA:51,2
DA:52,2
DA:53,5
DA:54,3
DA:59,0
DA:61,0
DA:62,0
DA:65,1
DA:70,1
DA:72,1
DA:74,5
DA:75,3
DA:77,2
DA:79,1
DA:81,1
DA:84,1
DA:87,1
DA:89,1
DA:91,5
DA:92,1
DA:95,0
DA:97,2
DA:98,1
DA:102,2
DA:106,1
DA:110,2
DA:112,1
DA:116,2
LF:39
LH:35
end_of_record
SF:lib\features\equipment\state\equipment_providers.dart
DA:11,6
DA:12,0
DA:18,0
DA:19,0
DA:20,0
DA:24,0
DA:25,0
DA:26,0
DA:32,0
DA:33,0
DA:34,0
DA:35,0
DA:38,0
DA:39,0
DA:40,0
DA:41,0
DA:45,8
DA:46,4
DA:47,2
DA:48,2
DA:49,2
DA:50,4
DA:51,6
DA:53,2
DA:58,1
DA:71,2
DA:72,2
DA:73,2
DA:74,1
DA:75,3
DA:76,1
DA:77,3
DA:78,1
DA:80,1
DA:86,8
DA:87,6
DA:88,6
DA:89,2
LF:38
LH:23
end_of_record
SF:lib\features\profile\data\mock_profile_repository.dart
DA:7,7
DA:14,4
DA:15,8
DA:17,8
DA:21,3
DA:23,3
DA:25,3
DA:26,3
DA:27,9
DA:28,9
DA:29,6
DA:32,3
DA:35,2
DA:36,4
DA:38,3
DA:40,6
DA:41,6
DA:44,4
DA:46,8
DA:47,12
DA:48,12
DA:51,1
DA:53,2
DA:54,2
DA:55,2
DA:58,5
DA:59,13
DA:60,3
DA:62,10
LF:29
LH:29
end_of_record
SF:lib\features\profile\state\profile_providers.dart
DA:10,19
DA:11,1
DA:12,2
DA:17,16
DA:18,12
DA:19,3
DA:20,4
DA:21,4
DA:25,4
DA:26,3
DA:27,0
DA:31,2
DA:32,1
DA:35,1
DA:38,1
DA:39,1
DA:41,3
DA:42,3
DA:43,1
DA:45,0
DA:49,1
DA:50,3
DA:51,1
LF:23
LH:21
end_of_record
SF:lib\features\equipment\data\equipment_report_service.dart
DA:13,0
DA:15,0
DA:16,0
LF:3
LH:0
end_of_record
SF:lib\features\equipment\data\mock_equipment_report_service.dart
DA:11,1
DA:12,2
DA:13,1
DA:16,1
DA:18,2
DA:19,2
LF:6
LH:6
end_of_record
SF:lib\features\equipment\data\equipment_report.dart
DA:20,1
DA:42,2
DA:43,1
DA:44,1
DA:45,1
DA:46,2
DA:47,1
DA:48,2
DA:49,1
DA:52,1
DA:53,1
DA:55,1
DA:56,1
DA:57,1
DA:60,0
DA:61,0
DA:63,1
DA:64,1
DA:65,3
DA:66,1
DA:68,1
DA:69,1
DA:70,1
DA:71,1
DA:73,1
DA:75,1
LF:26
LH:24
end_of_record
SF:lib\features\form_check\data\form_classifier.dart
DA:7,1
DA:37,1
DA:40,1
DA:42,2
DA:43,2
DA:44,2
DA:45,2
DA:49,4
DA:50,4
DA:52,1
DA:53,1
DA:54,1
DA:55,1
DA:61,2
DA:62,0
DA:63,0
DA:69,1
DA:70,1
DA:80,0
DA:83,1
DA:85,2
DA:86,2
DA:87,2
DA:89,0
DA:90,0
DA:91,0
DA:92,0
DA:98,0
DA:99,0
DA:100,0
DA:106,0
DA:107,0
DA:117,0
DA:120,0
DA:122,0
DA:123,0
DA:124,0
DA:126,0
DA:127,0
DA:128,0
DA:129,0
DA:135,0
DA:136,0
DA:137,0
DA:143,0
DA:144,0
DA:152,0
DA:153,0
DA:154,0
DA:155,0
DA:156,0
DA:157,0
DA:164,1
DA:169,2
DA:170,1
DA:172,0
LF:56
LH:23
end_of_record
SF:lib\features\form_check\data\pose_landmark.dart
DA:26,1
DA:55,1
LF:2
LH:2
end_of_record
SF:lib\features\home\home_page.dart
DA:19,32
DA:27,4
DA:42,1
DA:43,1
DA:49,1
DA:51,1
DA:52,3
DA:53,2
DA:54,1
DA:55,3
DA:56,1
DA:57,1
DA:58,1
DA:59,1
DA:60,1
DA:61,0
DA:65,0
DA:66,0
DA:67,0
DA:71,1
DA:73,4
DA:74,1
DA:75,3
DA:77,1
DA:79,1
DA:81,1
DA:82,1
DA:89,1
DA:91,1
DA:92,2
DA:94,0
DA:96,0
DA:97,0
DA:101,1
DA:102,1
DA:103,1
DA:104,1
DA:105,1
DA:106,1
DA:107,1
DA:109,2
DA:110,1
DA:114,1
DA:115,1
DA:117,2
DA:118,1
DA:122,1
DA:123,1
DA:125,2
DA:126,1
DA:131,1
DA:132,1
DA:133,1
DA:134,2
DA:135,1
DA:145,1
DA:148,1
DA:150,1
DA:151,1
DA:152,1
DA:153,3
DA:154,3
DA:161,1
DA:165,1
DA:167,1
DA:170,1
DA:171,1
DA:172,2
DA:174,2
DA:180,1
DA:183,1
DA:185,1
DA:186,1
DA:188,2
DA:189,1
DA:190,1
DA:191,1
DA:192,1
DA:200,1
DA:201,1
DA:204,1
DA:205,1
DA:206,2
DA:207,1
DA:209,1
DA:211,3
DA:212,2
DA:223,0
DA:224,0
DA:225,0
DA:226,0
DA:227,0
DA:228,0
DA:236,0
DA:237,0
DA:240,0
DA:241,0
DA:244,0
DA:245,0
DA:247,0
DA:248,0
DA:249,0
DA:250,0
DA:257,0
DA:258,0
DA:266,0
DA:269,0
DA:271,0
DA:272,0
DA:273,0
DA:275,0
DA:276,0
DA:277,0
DA:278,0
DA:279,0
DA:282,0
DA:283,0
DA:284,0
DA:285,0
DA:286,0
DA:287,0
DA:294,0
DA:295,0
DA:298,0
DA:299,0
DA:302,0
DA:303,0
DA:305,0
DA:306,0
DA:307,0
DA:308,0
DA:322,1
DA:323,0
DA:324,4
DA:325,4
DA:326,2
DA:327,3
DA:328,3
DA:330,2
DA:331,2
DA:332,2
DA:334,4
DA:340,5
DA:344,1
DA:347,1
DA:349,1
DA:350,1
DA:351,1
DA:353,0
DA:354,1
DA:355,1
DA:356,1
DA:359,1
DA:360,1
DA:361,3
DA:367,1
DA:368,1
DA:371,1
DA:372,1
DA:373,1
DA:374,1
DA:375,1
DA:376,2
DA:379,2
DA:380,1
DA:384,1
DA:385,2
DA:386,3
DA:387,2
DA:394,1
DA:395,2
DA:398,3
DA:399,2
DA:412,1
DA:414,1
DA:415,1
DA:417,1
DA:419,1
DA:420,1
DA:421,1
DA:422,1
DA:431,1
DA:433,3
DA:436,3
DA:442,1
DA:444,2
DA:445,1
DA:448,1
DA:450,3
DA:451,3
DA:455,1
DA:456,3
DA:457,1
DA:459,1
DA:460,1
DA:465,1
DA:466,1
DA:467,1
DA:497,1
DA:507,1
DA:509,1
DA:510,1
DA:512,1
DA:514,1
DA:515,1
DA:518,1
DA:519,1
DA:520,2
DA:524,1
DA:525,1
DA:526,3
DA:527,3
DA:531,1
DA:532,1
DA:534,3
DA:545,32
DA:547,1
DA:549,1
DA:550,1
DA:551,0
DA:553,1
DA:554,1
DA:555,1
DA:558,1
DA:559,1
DA:568,1
DA:569,1
DA:571,1
DA:572,1
DA:574,2
DA:575,1
DA:578,1
DA:580,3
DA:582,3
DA:588,1
DA:589,3
LF:236
LH:182
end_of_record
SF:lib\core\health\state\health_providers.dart
DA:6,4
DA:9,1
DA:12,4
DA:13,3
DA:16,4
DA:17,3
DA:20,0
DA:21,0
DA:22,0
DA:23,0
DA:25,0
DA:26,0
DA:30,0
DA:34,0
DA:35,0
DA:38,0
DA:39,0
DA:41,0
DA:42,0
DA:43,0
DA:45,0
DA:50,0
DA:51,0
LF:23
LH:6
end_of_record
SF:lib\core\health\widgets\health_sync_card.dart
DA:15,32
DA:17,1
DA:19,2
DA:20,1
DA:21,1
DA:23,1
DA:24,1
DA:25,0
DA:26,1
DA:27,1
DA:30,1
DA:31,0
DA:32,0
DA:33,0
DA:34,0
DA:37,3
DA:38,1
DA:39,0
DA:40,0
DA:41,0
DA:43,0
DA:45,2
DA:53,0
DA:57,0
DA:59,0
DA:60,0
DA:61,0
DA:63,0
DA:65,0
DA:66,0
DA:67,0
DA:68,0
DA:71,0
DA:72,0
DA:82,0
DA:83,0
DA:85,0
DA:86,0
DA:88,0
DA:89,0
DA:92,0
DA:95,0
DA:96,0
DA:105,0
DA:107,0
DA:108,0
DA:109,0
DA:120,0
DA:130,32
DA:131,1
DA:143,1
DA:146,1
DA:148,1
DA:149,1
DA:150,1
DA:151,0
DA:152,0
DA:154,0
DA:155,0
DA:160,1
DA:161,1
DA:163,1
DA:165,1
DA:166,1
DA:168,2
DA:169,1
DA:172,1
DA:173,1
DA:174,1
DA:175,1
DA:177,3
DA:180,1
DA:181,1
DA:183,1
DA:185,2
DA:188,1
DA:189,1
DA:191,3
DA:203,1
DA:206,1
DA:208,1
DA:209,1
DA:210,1
DA:212,1
DA:213,1
DA:214,1
DA:215,3
DA:216,2
DA:222,1
DA:223,1
DA:224,2
DA:225,1
LF:92
LH:53
end_of_record
SF:lib\shared\widgets\glass.dart
DA:5,52
DA:24,9
DA:26,27
DA:27,9
DA:29,9
DA:30,9
DA:33,9
DA:34,9
DA:35,9
DA:39,9
DA:40,9
DA:41,18
DA:42,9
DA:43,9
DA:44,9
DA:48,9
DA:49,9
DA:55,9
DA:56,18
DA:57,9
DA:58,27
DA:59,9
DA:60,9
DA:62,18
DA:64,9
DA:66,9
DA:67,9
DA:68,18
DA:69,27
DA:80,95
DA:85,6
DA:88,5
DA:90,15
DA:91,5
DA:92,5
DA:93,5
DA:94,5
DA:95,5
DA:99,10
DA:100,5
DA:108,10
DA:119,10
DA:121,10
DA:123,10
DA:125,10
DA:126,10
LF:46
LH:46
end_of_record
SF:lib\core\notifications\notification_providers.dart
DA:9,4
DA:10,1
LF:2
LH:2
end_of_record
SF:lib\shared\widgets\scroll_dim_list.dart
DA:10,3
DA:33,3
DA:34,3
DA:43,3
DA:45,3
DA:46,12
DA:47,21
DA:50,2
DA:52,2
DA:53,12
DA:54,7
DA:55,1
DA:59,3
DA:61,3
DA:62,6
DA:63,3
DA:64,3
DA:67,0
DA:68,0
DA:69,0
DA:70,0
DA:71,0
DA:73,0
DA:77,0
DA:78,0
DA:80,0
DA:81,0
DA:83,0
DA:84,0
DA:85,0
DA:90,0
DA:93,0
DA:94,0
DA:95,0
DA:96,0
DA:97,0
DA:98,0
DA:103,3
DA:105,3
DA:106,3
DA:107,3
DA:108,3
DA:109,6
DA:110,6
DA:114,9
DA:115,3
DA:116,3
DA:117,3
DA:118,6
DA:119,3
DA:121,6
DA:122,6
DA:123,6
DA:124,9
DA:134,3
DA:148,3
DA:150,3
DA:153,6
DA:154,3
DA:155,3
DA:156,3
DA:157,0
DA:158,0
DA:159,0
DA:160,0
DA:161,0
DA:162,0
DA:163,0
DA:164,0
DA:165,0
DA:166,0
LF:71
LH:41
end_of_record
SF:lib\features\moments\data\moment.dart
DA:18,2
DA:25,1
DA:26,2
DA:30,3
DA:33,1
DA:38,1
LF:6
LH:6
end_of_record
SF:lib\features\moments\state\moment_providers.dart
DA:6,4
DA:7,1
DA:13,0
DA:17,0
DA:18,0
DA:20,0
DA:21,0
DA:23,0
DA:27,0
DA:28,0
DA:31,0
DA:32,0
DA:33,0
DA:36,0
DA:37,0
DA:40,0
DA:41,0
DA:44,0
DA:45,0
DA:46,0
LF:20
LH:2
end_of_record
SF:lib\features\moments\widgets\day3_welcome_modal.dart
DA:11,32
DA:13,0
DA:14,0
DA:18,0
DA:28,0
DA:30,0
DA:31,0
DA:32,0
DA:34,0
DA:37,0
DA:38,0
DA:41,0
DA:42,0
DA:52,0
DA:54,0
DA:55,0
DA:58,0
DA:63,0
DA:64,0
DA:69,0
DA:70,0
DA:71,0
DA:72,0
DA:73,0
DA:74,0
DA:76,0
DA:77,0
DA:84,0
DA:85,0
DA:86,0
DA:87,0
DA:88,0
DA:90,0
DA:92,0
DA:93,0
DA:102,0
DA:103,0
DA:104,0
DA:105,0
DA:106,0
LF:40
LH:1
end_of_record
SF:lib\features\progress\data\progress_stats.dart
DA:7,33
DA:34,1
DA:35,1
DA:36,4
DA:41,1
DA:42,1
DA:45,4
DA:48,3
DA:52,3
DA:53,1
DA:57,2
DA:58,3
DA:60,2
DA:66,1
DA:67,1
DA:69,1
DA:70,1
DA:71,1
DA:78,2
DA:79,3
DA:80,1
DA:84,1
DA:89,1
DA:90,2
DA:91,2
DA:92,1
DA:93,1
DA:96,1
DA:97,2
DA:98,2
DA:99,3
DA:100,2
DA:101,3
DA:104,1
DA:105,1
DA:109,1
LF:36
LH:36
end_of_record
SF:lib\features\recovery\widgets\deload_banner.dart
DA:15,32
DA:17,1
DA:19,2
DA:20,1
DA:22,0
DA:23,0
DA:24,0
DA:25,0
DA:26,0
DA:28,0
DA:30,0
DA:33,0
DA:35,0
DA:36,0
DA:37,0
DA:38,0
DA:41,0
DA:42,0
DA:52,0
DA:53,0
DA:55,0
DA:56,0
DA:58,0
DA:59,0
DA:62,0
DA:63,0
DA:66,0
DA:67,0
DA:68,0
DA:79,0
DA:80,0
DA:81,0
DA:82,0
DA:83,0
DA:84,0
DA:86,0
DA:87,0
DA:88,0
DA:89,0
DA:101,0
DA:102,0
DA:109,0
DA:110,0
DA:111,0
DA:112,0
DA:113,0
DA:124,0
DA:126,0
DA:127,0
DA:129,0
LF:50
LH:4
end_of_record
SF:lib\features\workouts\state\scheduled_session_providers.dart
DA:11,4
DA:12,2
DA:13,0
DA:14,0
DA:15,0
DA:22,4
DA:23,4
DA:24,6
DA:25,2
DA:26,2
DA:27,2
DA:32,4
DA:33,3
DA:34,1
DA:38,2
DA:43,1
DA:44,2
DA:46,3
DA:47,2
DA:48,2
DA:49,2
DA:50,2
DA:51,6
DA:52,2
DA:57,2
DA:58,1
DA:62,1
DA:65,1
DA:66,1
DA:68,4
DA:70,1
DA:72,3
DA:73,2
DA:77,3
DA:78,1
DA:82,1
DA:84,2
DA:88,1
DA:89,1
DA:91,4
DA:93,0
DA:95,3
DA:96,2
DA:98,3
DA:99,1
DA:103,1
DA:105,0
LF:47
LH:42
end_of_record
SF:lib\features\workouts\state\workout_log_providers.dart
DA:10,3
DA:11,0
DA:12,0
DA:13,0
DA:21,12
DA:22,9
DA:23,3
DA:24,2
DA:25,2
DA:30,2
DA:31,1
DA:34,1
DA:37,1
DA:38,1
DA:40,4
DA:42,1
DA:44,3
DA:45,2
DA:46,1
DA:48,2
LF:20
LH:17
end_of_record
SF:lib\features\moments\data\moment_repository.dart
DA:27,2
DA:36,0
DA:38,2
DA:39,4
DA:41,1
DA:43,2
DA:46,2
DA:47,2
DA:49,2
DA:51,4
DA:52,6
DA:55,2
DA:56,2
DA:58,0
DA:59,0
DA:61,0
DA:63,0
LF:17
LH:12
end_of_record
SF:lib\features\recovery\state\recovery_providers.dart
DA:12,4
DA:13,3
DA:15,3
DA:16,2
DA:18,2
DA:19,1
DA:30,2
DA:31,1
DA:34,1
DA:37,1
DA:38,1
DA:40,4
DA:42,0
DA:44,3
DA:45,2
DA:46,1
DA:47,1
DA:48,2
DA:49,2
DA:50,2
DA:51,2
DA:52,4
DA:53,1
DA:54,1
DA:55,1
DA:58,1
DA:60,0
LF:27
LH:25
end_of_record
SF:lib\features\subscription\data\subscription_models.dart
DA:33,2
DA:35,2
DA:37,2
DA:39,2
DA:41,2
DA:43,2
DA:49,1
DA:51,1
DA:53,1
DA:60,2
DA:84,5
DA:123,4
DA:129,2
DA:141,2
DA:142,2
DA:143,1
DA:144,1
DA:146,1
DA:149,2
DA:150,1
DA:151,2
DA:152,2
DA:153,1
DA:156,4
DA:157,6
DA:158,6
DA:159,6
DA:160,4
DA:161,6
DA:162,3
DA:163,2
DA:164,3
DA:165,2
DA:166,3
DA:169,2
DA:170,2
DA:172,4
DA:173,0
DA:177,2
DA:178,2
DA:179,2
DA:180,2
DA:182,2
DA:183,6
DA:184,1
DA:186,2
DA:187,6
DA:188,1
DA:190,2
DA:191,6
DA:192,0
DA:194,4
DA:196,3
DA:197,4
DA:198,4
DA:199,4
DA:203,2
DA:206,1
DA:207,3
DA:208,3
DA:209,3
DA:210,3
DA:211,3
DA:212,3
DA:213,3
DA:214,3
DA:215,3
DA:217,0
DA:218,0
DA:219,0
DA:222,1
DA:223,3
DA:224,2
DA:225,0
DA:236,5
DA:238,2
DA:239,3
DA:240,3
DA:241,9
DA:244,2
DA:245,2
DA:246,1
DA:247,2
DA:250,1
DA:251,2
DA:252,2
DA:253,4
DA:256,2
DA:257,1
DA:258,1
LF:90
LH:84
end_of_record
SF:lib\features\subscription\state\subscription_providers.dart
DA:16,3
DA:17,0
DA:18,0
DA:19,0
DA:27,2
DA:28,1
DA:29,0
DA:34,12
DA:35,9
DA:36,3
DA:37,2
DA:38,2
DA:43,12
DA:44,9
DA:45,3
DA:50,4
DA:51,2
DA:52,1
DA:57,0
DA:58,0
DA:63,2
DA:64,1
DA:68,1
DA:76,1
DA:77,1
DA:79,4
DA:81,1
DA:83,3
DA:84,1
DA:85,1
DA:87,2
DA:100,1
DA:104,1
DA:106,4
DA:108,0
DA:110,1
DA:111,1
DA:114,3
DA:115,1
DA:116,1
DA:118,2
DA:125,1
DA:126,1
DA:128,4
DA:130,0
DA:132,3
DA:133,1
DA:134,1
DA:136,0
LF:49
LH:40
end_of_record
SF:lib\features\subscription\data\feature_gates.dart
DA:33,2
DA:35,2
DA:38,2
DA:39,2
DA:40,2
DA:41,2
DA:42,2
DA:43,2
DA:44,2
DA:45,2
DA:46,2
LF:11
LH:11
end_of_record
SF:lib\features\subscription\data\mock_stripe_checkout_service.dart
DA:17,1
DA:18,2
DA:19,2
DA:20,2
DA:21,1
DA:22,1
DA:25,2
DA:27,2
DA:28,4
DA:31,2
DA:36,4
DA:37,4
DA:38,4
DA:41,2
DA:43,3
DA:44,4
LF:16
LH:16
end_of_record
SF:lib\features\subscription\data\stripe_checkout_service.dart
DA:43,0
DA:45,0
DA:46,0
LF:3
LH:0
end_of_record
SF:lib\features\subscription\data\mock_subscription_repository.dart
DA:7,2
DA:15,2
DA:16,4
DA:18,4
DA:22,2
DA:24,2
DA:27,2
DA:28,2
DA:29,6
DA:30,6
DA:31,4
DA:33,2
DA:34,2
DA:37,2
DA:40,2
DA:41,4
DA:43,2
DA:45,4
DA:46,6
DA:47,6
DA:50,1
DA:52,2
DA:53,2
DA:54,2
DA:57,2
DA:58,6
DA:59,2
DA:61,4
LF:28
LH:28
end_of_record
SF:lib\features\workouts\data\mock_scheduled_session_repository.dart
DA:7,3
DA:15,3
DA:16,6
DA:18,6
DA:22,3
DA:23,6
DA:24,3
DA:25,11
DA:26,3
DA:29,2
DA:31,2
DA:34,2
DA:35,2
DA:36,4
DA:37,6
DA:38,4
DA:40,2
DA:41,2
DA:44,2
DA:47,2
DA:48,2
DA:50,3
DA:52,6
DA:53,12
DA:54,11
DA:55,6
DA:56,3
DA:58,2
DA:60,9
DA:63,2
DA:65,4
DA:66,12
DA:67,6
DA:70,1
DA:72,2
DA:73,2
DA:74,2
DA:77,2
DA:78,6
DA:79,2
DA:81,4
LF:41
LH:41
end_of_record
SF:lib\features\workouts\data\mock_workout_log_repository.dart
DA:7,2
DA:14,2
DA:15,4
DA:17,4
DA:21,2
DA:22,4
DA:23,2
DA:24,6
DA:25,2
DA:28,2
DA:30,2
DA:33,2
DA:34,2
DA:35,4
DA:36,6
DA:37,4
DA:39,2
DA:40,2
DA:43,2
DA:46,2
DA:47,2
DA:49,2
DA:51,4
DA:52,8
DA:53,6
DA:54,4
DA:55,2
DA:57,1
DA:59,6
DA:62,1
DA:64,2
DA:65,6
DA:66,3
DA:69,1
DA:71,2
DA:72,2
DA:73,2
DA:76,2
DA:77,6
DA:78,2
DA:80,4
LF:41
LH:41
end_of_record
SF:lib\features\insurance\data\insurance_partner.dart
DA:9,1
DA:33,1
DA:51,1
DA:52,3
DA:53,3
LF:5
LH:5
end_of_record
SF:lib\features\marketplace\data\coach_listing.dart
DA:8,5
DA:34,1
DA:35,2
DA:36,4
DA:39,0
DA:40,0
DA:41,0
DA:42,0
DA:43,0
DA:44,0
DA:45,0
DA:46,0
DA:47,0
DA:48,0
DA:49,0
DA:52,0
DA:53,0
DA:55,0
DA:56,0
DA:57,0
DA:59,0
DA:60,0
DA:62,0
DA:63,0
DA:64,0
DA:65,0
DA:66,0
DA:72,0
DA:97,1
DA:99,2
DA:100,1
LF:31
LH:7
end_of_record
SF:lib\features\marketplace\data\coach_marketplace_service.dart
DA:26,1
DA:28,2
DA:32,1
DA:39,2
DA:41,1
DA:49,0
DA:51,0
DA:54,0
DA:56,0
DA:57,0
DA:58,0
DA:59,0
DA:60,0
DA:61,0
DA:66,0
DA:73,0
DA:74,0
DA:75,0
DA:77,0
DA:81,0
DA:82,0
DA:83,0
LF:22
LH:5
end_of_record
SF:lib\features\marketplace\state\marketplace_providers.dart
DA:41,1
DA:44,1
DA:46,2
DA:47,2
DA:53,0
DA:54,0
DA:56,0
DA:57,0
DA:58,0
DA:61,0
DA:62,0
LF:11
LH:4
end_of_record
SF:lib\core\theme\app_theme.dart
DA:7,16
DA:8,8
DA:10,8
DA:11,8
DA:12,8
DA:19,16
DA:20,8
DA:21,8
DA:24,8
DA:30,8
DA:31,16
DA:33,8
DA:35,16
DA:37,8
DA:39,16
DA:41,8
DA:43,16
DA:45,16
DA:54,8
DA:55,8
DA:57,8
DA:58,8
DA:60,8
DA:66,8
DA:67,8
DA:69,8
DA:70,8
DA:72,8
DA:73,16
DA:76,8
DA:86,8
DA:87,16
DA:103,9
DA:105,6
DA:113,6
DA:114,12
DA:115,6
DA:117,6
LF:38
LH:38
end_of_record
SF:lib\shared\widgets\aurora_background.dart
DA:10,5
DA:35,5
DA:37,15
DA:38,5
DA:39,5
DA:40,5
DA:41,5
DA:42,5
DA:43,5
DA:52,5
DA:53,5
DA:54,5
DA:55,5
DA:58,5
DA:60,5
DA:62,5
DA:69,5
DA:70,5
DA:71,5
DA:72,5
DA:75,5
DA:77,5
DA:79,5
DA:86,10
LF:24
LH:24
end_of_record
SF:lib\features\auth\login_page.dart
DA:9,4
DA:11,3
DA:13,3
DA:14,3
DA:15,6
DA:16,3
DA:18,7
DA:19,1
DA:20,0
DA:21,0
DA:23,0
DA:29,3
DA:30,3
DA:31,3
DA:33,3
DA:34,3
DA:36,3
DA:38,3
DA:40,3
DA:41,3
DA:42,3
DA:45,3
DA:46,3
DA:55,3
DA:56,3
DA:58,3
DA:72,3
DA:75,6
DA:78,3
DA:81,9
DA:82,6
DA:86,3
DA:89,1
DA:90,3
DA:91,1
DA:97,3
DA:100,1
DA:101,3
DA:102,1
DA:110,3
DA:113,9
DA:114,6
DA:126,3
DA:138,3
DA:140,3
DA:141,3
DA:142,3
DA:143,3
DA:144,3
DA:147,3
DA:148,3
DA:149,3
DA:151,1
DA:152,1
DA:153,1
DA:161,3
DA:162,3
DA:163,3
DA:169,3
DA:171,3
DA:172,3
DA:173,1
DA:182,3
DA:183,3
DA:190,6
DA:192,6
LF:66
LH:63
end_of_record
SF:lib\features\onboarding\state\questionnaire_notifier.dart
DA:11,2
DA:12,1
DA:16,1
DA:18,4
DA:19,1
DA:20,3
DA:21,1
DA:23,1
DA:28,1
DA:29,5
DA:32,1
DA:33,6
DA:35,0
DA:36,0
DA:38,1
DA:39,6
DA:41,1
DA:42,6
DA:44,0
DA:45,0
DA:47,0
DA:48,0
DA:50,0
DA:51,0
DA:53,0
DA:54,0
DA:55,0
LF:27
LH:16
end_of_record
SF:lib\features\injury_coach\data\injury_protocol_repository.dart
DA:19,1
DA:21,3
DA:22,1
DA:30,1
DA:31,1
DA:34,1
DA:35,1
DA:37,1
DA:38,1
DA:40,1
DA:41,1
DA:43,1
DA:44,1
DA:54,1
DA:62,1
DA:63,1
DA:66,1
DA:67,1
DA:73,1
DA:74,1
DA:80,1
DA:81,1
DA:87,1
DA:88,1
DA:98,1
DA:101,1
DA:102,1
DA:103,2
DA:104,4
DA:105,1
DA:108,1
DA:110,2
DA:111,2
DA:116,1
DA:117,2
DA:119,1
DA:121,2
DA:124,1
DA:126,2
LF:39
LH:39
end_of_record
SF:lib\features\injury_coach\data\injury_protocol.dart
DA:12,1
DA:48,1
DA:62,1
LF:3
LH:3
end_of_record
SF:lib\features\personalisation\data\for_you_ranker.dart
DA:14,1
DA:19,1
DA:20,3
DA:22,1
DA:23,2
DA:25,1
DA:27,2
DA:28,1
DA:30,1
DA:33,1
DA:34,3
DA:35,3
DA:37,3
LF:13
LH:13
end_of_record
SF:lib\features\profile\profile_page.dart
DA:13,4
DA:15,1
DA:17,1
DA:18,1
DA:19,3
DA:20,3
DA:21,0
DA:22,3
DA:23,2
DA:25,0
DA:30,1
DA:32,1
DA:34,1
DA:35,1
DA:36,1
DA:37,1
DA:38,1
DA:41,1
DA:42,1
DA:52,1
DA:53,1
DA:55,1
DA:56,3
DA:58,1
DA:60,3
DA:61,2
DA:71,0
DA:72,0
DA:73,1
DA:75,1
DA:76,1
DA:77,1
DA:80,1
DA:84,0
DA:86,1
DA:87,1
DA:90,1
DA:93,0
DA:95,1
DA:96,1
DA:99,1
DA:102,0
DA:104,1
DA:105,1
DA:108,1
DA:111,0
DA:113,1
DA:114,1
DA:117,1
DA:120,0
DA:122,1
DA:123,1
DA:126,1
DA:128,1
DA:129,0
DA:131,1
DA:132,1
DA:135,1
DA:138,0
DA:140,1
DA:141,1
DA:144,1
DA:147,0
DA:149,1
DA:150,1
DA:153,1
DA:156,0
DA:166,1
DA:174,1
DA:175,1
DA:177,1
DA:179,1
DA:180,1
DA:181,1
DA:184,1
DA:185,1
DA:186,1
DA:188,1
DA:191,1
DA:192,1
DA:194,1
DA:195,3
DA:197,1
DA:199,3
DA:200,2
DA:201,1
DA:207,1
DA:208,3
DA:215,1
DA:216,0
DA:220,0
DA:221,0
DA:222,0
DA:224,0
DA:225,0
DA:226,0
DA:227,0
DA:228,0
DA:229,0
DA:231,0
DA:234,2
DA:236,1
DA:238,1
DA:239,1
DA:240,1
DA:241,1
DA:247,0
DA:250,0
DA:251,0
DA:253,0
DA:254,0
DA:257,0
DA:259,0
DA:260,0
DA:261,0
DA:262,0
DA:263,0
DA:264,0
DA:265,0
DA:266,0
DA:267,0
DA:269,0
DA:270,0
DA:272,0
DA:273,0
DA:275,0
DA:276,0
DA:277,0
DA:278,0
DA:279,0
DA:280,0
DA:281,0
DA:282,0
DA:288,0
DA:289,0
DA:290,0
DA:292,0
DA:294,0
DA:295,0
DA:297,0
DA:299,0
DA:300,0
DA:304,0
DA:305,0
DA:307,0
DA:308,0
LF:146
LH:82
end_of_record
SF:lib\features\progress\progress_page.dart
DA:11,4
DA:13,1
DA:15,1
DA:16,2
DA:17,1
DA:18,1
DA:20,1
DA:22,1
DA:24,1
DA:25,1
DA:26,1
DA:27,1
DA:28,1
DA:30,2
DA:31,1
DA:35,1
DA:36,1
DA:38,2
DA:39,1
DA:45,1
DA:46,1
DA:47,1
DA:48,1
DA:50,2
DA:51,1
DA:55,1
DA:56,1
DA:58,2
DA:59,1
DA:65,1
DA:67,3
DA:68,3
DA:72,1
DA:74,1
DA:76,1
DA:77,1
DA:78,1
DA:80,3
DA:81,2
DA:82,1
DA:86,0
DA:90,1
DA:92,3
DA:93,3
DA:97,1
DA:98,1
DA:99,1
DA:101,3
DA:102,3
DA:107,0
DA:108,0
DA:118,1
DA:128,1
DA:130,1
DA:131,1
DA:133,1
DA:135,1
DA:136,1
DA:139,1
DA:140,1
DA:141,2
DA:145,1
DA:146,1
DA:147,3
DA:148,3
DA:152,1
DA:153,1
DA:154,3
DA:165,0
DA:168,0
DA:170,0
DA:171,0
DA:172,0
DA:174,0
DA:176,0
DA:177,0
DA:178,0
DA:179,0
DA:181,0
DA:183,0
DA:184,0
DA:185,0
DA:186,0
DA:187,0
DA:188,0
DA:190,0
DA:193,0
DA:194,0
DA:195,0
DA:196,0
DA:199,0
DA:200,0
DA:209,0
DA:210,0
DA:211,0
DA:213,0
DA:227,0
DA:230,0
DA:232,0
DA:233,0
DA:234,0
DA:236,0
DA:237,0
DA:238,0
DA:241,0
DA:242,0
DA:243,0
DA:244,0
DA:245,0
DA:246,0
DA:253,0
DA:254,0
DA:256,0
DA:257,0
DA:258,0
DA:261,0
DA:262,0
DA:265,0
DA:266,0
DA:267,0
DA:268,0
DA:279,0
DA:280,0
DA:281,0
DA:282,0
DA:283,0
DA:284,0
DA:285,0
DA:286,0
DA:287,0
LF:130
LH:65
end_of_record
SF:lib\features\progress_photos\data\aes_photo_cipher.dart
DA:21,1
DA:22,3
DA:25,3
DA:27,1
DA:29,1
DA:34,2
DA:35,2
DA:38,1
DA:39,1
DA:41,2
DA:42,0
DA:44,4
DA:45,4
DA:46,1
DA:48,2
DA:53,1
DA:55,3
DA:56,0
DA:58,2
DA:59,2
DA:62,1
DA:63,3
DA:65,1
DA:66,1
DA:67,2
DA:69,1
DA:72,1
DA:75,2
DA:76,1
DA:77,1
DA:78,4
DA:79,1
DA:83,1
DA:84,1
DA:85,4
LF:35
LH:33
end_of_record
SF:lib\features\progress_photos\data\photo_encryption.dart
DA:18,2
DA:31,2
DA:32,2
DA:33,4
DA:34,8
DA:35,4
DA:36,8
DA:37,4
DA:38,4
DA:39,2
DA:42,2
DA:43,6
DA:44,0
DA:46,2
DA:47,4
DA:48,4
DA:49,2
DA:50,4
DA:51,4
DA:52,2
DA:66,1
DA:68,3
DA:70,1
DA:72,1
DA:73,4
DA:74,2
DA:75,3
DA:76,12
DA:78,1
DA:79,7
DA:80,1
DA:83,1
DA:85,1
DA:86,5
DA:87,1
DA:88,1
DA:89,2
DA:90,1
DA:92,3
DA:93,4
DA:94,4
DA:95,6
DA:96,5
DA:101,1
DA:104,2
DA:105,1
DA:106,1
DA:107,4
DA:108,1
DA:112,1
DA:113,3
DA:115,3
DA:116,4
DA:118,1
DA:122,1
DA:123,1
DA:124,4
DA:130,2
DA:131,3
LF:59
LH:58
end_of_record
SF:lib\features\social_feed\data\social_feed_repository.dart
DA:23,1
DA:24,1
DA:25,1
DA:26,1
DA:31,1
DA:34,1
DA:39,1
DA:45,1
DA:47,2
DA:48,0
DA:51,1
DA:58,1
DA:59,3
DA:63,1
DA:66,2
DA:67,4
DA:71,1
DA:73,5
DA:74,1
DA:75,2
DA:76,7
DA:77,4
DA:80,1
DA:82,5
DA:83,1
DA:84,5
DA:85,6
DA:88,4
LF:28
LH:27
end_of_record
SF:lib\features\social_feed\data\social_post.dart
DA:5,1
DA:25,2
DA:26,1
DA:27,1
DA:28,1
DA:29,1
DA:30,1
DA:31,1
DA:32,0
DA:33,0
DA:36,0
DA:37,0
DA:38,0
DA:39,0
DA:40,0
DA:41,0
DA:42,0
DA:45,0
DA:46,0
DA:48,0
DA:49,0
DA:50,0
DA:51,0
DA:52,0
DA:53,0
DA:54,0
LF:26
LH:8
end_of_record
SF:lib\features\scanner\scanner_page.dart
DA:10,4
DA:12,1
DA:13,1
DA:23,1
DA:25,2
DA:26,1
DA:29,0
DA:30,0
DA:31,0
DA:32,0
DA:37,0
DA:38,0
DA:39,0
DA:40,0
DA:43,1
DA:45,1
DA:46,1
DA:48,1
DA:49,1
DA:51,1
DA:52,1
DA:53,1
DA:54,1
DA:55,1
DA:56,1
DA:58,1
DA:59,1
DA:60,1
DA:61,1
DA:62,0
DA:63,0
DA:66,1
DA:67,1
DA:70,1
DA:71,1
DA:72,1
DA:75,1
DA:84,1
DA:85,1
DA:87,1
DA:88,1
DA:90,2
DA:91,1
DA:94,1
DA:96,3
DA:97,2
DA:98,1
DA:113,0
DA:116,0
DA:118,0
DA:119,0
DA:120,0
DA:122,0
DA:123,0
DA:125,0
DA:126,0
DA:129,0
DA:130,0
DA:140,0
DA:142,0
DA:143,0
DA:146,0
DA:147,0
DA:148,0
DA:149,0
LF:65
LH:37
end_of_record
SF:lib\features\splash\splash_page.dart
DA:8,4
DA:10,3
DA:11,3
DA:16,6
DA:19,3
DA:21,3
DA:23,3
DA:24,9
DA:25,3
DA:26,3
DA:29,6
DA:33,3
DA:35,6
DA:36,3
DA:39,3
DA:41,6
DA:42,6
DA:44,3
DA:45,3
DA:46,3
DA:48,3
DA:50,3
DA:52,3
DA:53,3
DA:55,3
DA:58,12
DA:63,3
DA:66,12
DA:67,3
DA:68,3
DA:69,3
DA:70,3
DA:83,3
DA:85,3
DA:88,3
DA:89,3
DA:95,3
DA:96,3
DA:97,3
LF:39
LH:39
end_of_record
SF:lib\features\subscription\subscription_page.dart
DA:22,3
DA:24,1
DA:26,1
DA:28,1
DA:30,1
DA:39,0
DA:41,0
DA:42,0
DA:43,0
DA:45,0
DA:47,0
DA:48,0
DA:53,0
DA:55,0
DA:56,0
DA:57,0
DA:58,0
DA:59,0
DA:61,0
DA:63,0
DA:65,0
DA:66,0
DA:71,0
DA:72,0
DA:73,0
DA:74,0
DA:75,0
DA:77,0
DA:78,0
DA:79,0
DA:80,0
DA:81,0
DA:82,0
DA:84,0
DA:85,0
DA:87,0
DA:88,0
DA:92,0
DA:95,0
DA:96,0
DA:102,0
DA:115,0
DA:116,0
DA:117,0
DA:123,0
DA:137,0
DA:141,0
DA:154,0
DA:158,0
DA:160,0
DA:162,0
DA:163,0
DA:164,0
DA:176,4
DA:178,0
DA:180,0
DA:181,0
DA:182,0
DA:184,0
DA:186,0
DA:187,0
DA:188,0
DA:190,0
DA:191,0
DA:194,0
DA:195,0
DA:206,0
DA:208,0
DA:209,0
DA:210,0
DA:221,0
DA:226,0
DA:227,0
DA:228,0
DA:229,0
DA:230,0
DA:232,0
DA:233,0
DA:235,0
DA:238,0
DA:240,0
DA:241,0
DA:242,0
DA:243,0
DA:244,0
DA:246,0
DA:247,0
DA:249,0
DA:250,0
DA:252,0
DA:253,0
DA:255,0
DA:257,0
DA:261,0
DA:267,0
DA:268,0
DA:269,0
DA:270,0
DA:271,0
DA:272,0
DA:273,0
DA:285,0
DA:286,0
DA:287,0
DA:288,0
DA:292,0
DA:294,0
DA:296,0
DA:297,0
DA:298,0
DA:299,0
DA:300,0
DA:315,0
DA:325,0
DA:326,0
DA:327,0
DA:329,0
DA:331,0
DA:336,0
DA:338,0
DA:339,0
DA:340,0
DA:342,0
DA:343,0
DA:345,0
DA:346,0
DA:347,0
DA:348,0
DA:351,0
DA:352,0
DA:362,0
DA:363,0
DA:365,0
DA:366,0
DA:367,0
DA:368,0
DA:369,0
DA:372,0
DA:376,0
DA:377,0
DA:386,0
DA:388,0
DA:389,0
DA:395,0
DA:396,0
DA:423,0
DA:427,0
DA:429,0
DA:430,0
DA:431,0
DA:433,0
DA:434,0
DA:436,0
DA:437,0
DA:438,0
DA:439,0
DA:442,0
DA:443,0
DA:453,0
DA:454,0
DA:456,0
DA:457,0
DA:459,0
DA:460,0
DA:463,0
DA:466,0
DA:467,0
DA:476,0
DA:478,0
DA:479,0
DA:485,0
DA:486,0
DA:513,0
DA:517,0
DA:519,0
DA:521,0
DA:523,0
DA:525,0
DA:527,0
DA:532,0
DA:533,0
DA:535,0
DA:536,0
DA:537,0
DA:539,0
DA:540,0
DA:541,0
DA:542,0
DA:543,0
DA:546,0
DA:548,0
DA:549,0
DA:550,0
DA:551,0
DA:553,0
DA:555,0
DA:556,0
DA:557,0
DA:558,0
DA:561,0
DA:562,0
DA:563,0
DA:564,0
DA:569,0
DA:584,0
DA:585,0
DA:587,0
DA:588,0
DA:589,0
DA:590,0
DA:591,0
DA:594,0
DA:595,0
DA:596,0
DA:597,0
DA:598,0
DA:606,0
DA:608,0
DA:611,0
DA:612,0
DA:613,0
DA:615,0
DA:617,0
DA:618,0
DA:629,0
DA:655,0
DA:657,0
DA:658,0
DA:659,0
DA:660,0
DA:662,0
DA:664,0
DA:665,0
DA:666,0
DA:667,0
DA:668,0
DA:670,0
DA:671,0
DA:672,0
DA:673,0
DA:674,0
DA:675,0
DA:676,0
DA:680,0
DA:683,0
DA:684,0
DA:699,0
DA:700,0
DA:703,0
DA:704,0
DA:705,0
DA:707,0
DA:709,0
DA:710,0
DA:711,0
DA:721,0
DA:722,0
DA:723,0
DA:732,0
DA:733,0
DA:734,0
DA:737,0
DA:738,0
DA:740,0
DA:742,0
DA:743,0
DA:744,0
DA:746,0
DA:747,0
DA:748,0
DA:752,0
DA:753,0
DA:754,0
DA:755,0
DA:756,0
DA:757,0
DA:758,0
DA:759,0
DA:762,0
DA:763,0
DA:771,0
DA:772,0
DA:773,0
DA:774,0
DA:776,0
DA:777,0
DA:780,0
DA:796,4
DA:800,0
DA:802,0
DA:803,0
DA:805,0
DA:806,0
DA:807,0
DA:808,0
DA:809,0
DA:810,0
DA:811,0
DA:812,0
DA:813,0
DA:822,0
DA:824,0
DA:826,0
DA:828,0
DA:830,0
DA:832,0
DA:839,0
DA:851,0
DA:853,0
DA:854,0
DA:855,0
DA:856,0
DA:857,0
DA:859,0
DA:860,0
DA:861,0
DA:863,0
DA:864,0
DA:865,0
DA:868,0
DA:869,0
DA:870,0
DA:872,0
DA:873,0
DA:874,0
DA:887,0
DA:907,0
DA:909,0
DA:910,0
DA:914,0
DA:915,0
DA:917,0
DA:918,0
DA:919,0
DA:920,0
DA:925,0
DA:926,0
DA:927,0
DA:929,0
DA:930,0
DA:931,0
DA:932,0
DA:933,0
DA:934,0
DA:935,0
DA:936,0
DA:937,0
DA:938,0
DA:939,0
DA:940,0
DA:942,0
DA:949,0
DA:950,0
DA:952,0
DA:954,0
DA:956,0
DA:958,0
DA:960,0
DA:965,0
DA:967,0
DA:969,0
DA:971,0
DA:972,0
LF:363
LH:7
end_of_record
SF:lib\features\visual_equipment\data\visual_equipment_match.dart
DA:7,2
DA:20,1
DA:25,5
DA:26,5
DA:27,2
DA:28,1
DA:29,4
DA:31,3
DA:32,1
DA:33,3
DA:34,1
DA:36,1
LF:12
LH:12
end_of_record
SF:lib\features\voice\data\voice_command.dart
DA:23,1
DA:37,1
DA:38,2
DA:39,1
DA:40,1
DA:43,1
DA:44,3
DA:46,2
DA:47,1
DA:49,2
DA:50,1
DA:52,2
DA:53,0
DA:55,2
DA:56,1
DA:58,2
DA:59,1
DA:62,2
DA:63,0
DA:66,2
DA:67,1
DA:70,2
DA:71,1
DA:73,2
DA:74,0
DA:78,1
DA:79,1
DA:81,1
DA:82,1
DA:83,1
DA:85,2
DA:86,1
DA:88,1
DA:97,2
DA:99,2
DA:101,1
DA:109,1
DA:112,1
DA:113,1
DA:114,1
DA:115,1
DA:128,3
DA:129,3
DA:131,2
DA:132,4
DA:133,2
DA:134,6
LF:47
LH:44
end_of_record
SF:lib\features\workouts\data\offline_video_cache.dart
DA:25,0
DA:29,0
DA:30,0
DA:31,0
DA:32,0
DA:33,0
DA:38,0
DA:39,0
DA:40,0
DA:41,0
DA:44,0
DA:45,0
DA:46,0
DA:47,0
DA:48,0
DA:51,0
DA:53,0
DA:54,0
DA:55,0
DA:58,0
DA:61,0
DA:62,0
DA:63,0
DA:64,0
DA:65,0
DA:67,0
DA:69,0
DA:75,0
DA:79,0
DA:81,0
DA:82,0
DA:83,0
DA:87,0
DA:89,0
DA:90,0
DA:92,0
DA:93,0
DA:94,0
DA:100,0
DA:102,0
DA:103,0
DA:104,0
DA:105,0
DA:114,1
DA:117,1
DA:120,4
DA:121,0
DA:123,2
DA:126,1
DA:128,2
DA:131,1
DA:134,3
DA:135,2
DA:140,1
DA:141,2
DA:143,3
DA:147,1
LF:57
LH:13
end_of_record
SF:lib\features\workouts\widgets\plate_calculator.dart
DA:12,1
DA:28,4
DA:30,4
DA:37,1
DA:42,1
DA:43,1
DA:51,2
DA:52,1
DA:55,4
DA:56,2
DA:57,2
DA:58,1
DA:59,1
DA:62,3
DA:63,1
DA:64,1
DA:65,2
DA:73,6
DA:76,0
DA:77,0
DA:84,0
DA:86,0
DA:87,0
DA:88,0
DA:90,0
DA:91,0
DA:93,0
DA:94,0
DA:95,0
DA:98,0
DA:99,0
DA:100,0
DA:104,0
DA:106,0
DA:107,0
DA:110,0
DA:114,0
DA:116,0
DA:117,0
DA:120,0
DA:124,0
DA:127,0
DA:128,0
DA:134,0
DA:136,0
DA:137,0
DA:139,0
DA:140,0
DA:146,0
DA:147,0
DA:149,0
DA:150,0
DA:151,0
DA:152,0
DA:153,0
DA:154,0
DA:160,0
DA:161,0
DA:162,0
DA:163,0
DA:164,0
DA:165,0
DA:166,0
DA:173,0
DA:175,0
DA:176,0
DA:186,0
DA:190,0
DA:192,0
DA:193,0
DA:194,0
DA:195,0
DA:197,0
DA:198,0
DA:199,0
DA:202,0
DA:209,0
DA:221,0
DA:223,0
DA:224,0
DA:226,0
DA:227,0
DA:228,0
DA:230,0
DA:231,0
DA:232,0
DA:236,0
DA:238,0
DA:239,0
DA:240,0
DA:241,0
DA:242,0
DA:243,0
DA:244,0
DA:245,0
DA:249,0
DA:253,0
LF:97
LH:18
end_of_record
SF:lib\features\workouts\data\progression.dart
DA:20,1
DA:42,1
DA:48,4
DA:49,5
DA:51,1
DA:53,1
DA:54,1
DA:57,4
DA:60,2
DA:61,1
DA:62,2
DA:68,2
DA:71,2
DA:72,3
DA:73,2
DA:74,2
DA:75,1
DA:76,2
DA:83,2
DA:84,3
DA:85,2
DA:86,2
DA:87,1
DA:88,2
DA:89,1
DA:95,1
LF:26
LH:26
end_of_record
SF:lib\features\workouts\widgets\rest_timer.dart
DA:13,1
DA:22,2
DA:23,2
DA:24,1
DA:25,6
DA:27,1
DA:28,1
DA:29,1
DA:30,4
DA:31,1
DA:34,1
DA:35,2
DA:36,1
DA:37,1
DA:38,1
DA:41,1
DA:42,2
DA:43,1
DA:44,1
DA:45,2
DA:46,1
DA:49,1
DA:50,4
DA:51,2
DA:52,2
DA:53,1
DA:54,1
DA:56,1
DA:59,0
DA:61,0
DA:62,0
DA:73,0
DA:84,0
DA:85,0
DA:93,0
DA:95,0
DA:96,0
DA:97,0
DA:100,0
DA:101,0
DA:102,0
DA:103,0
DA:104,0
DA:105,0
DA:109,0
DA:111,0
DA:112,0
DA:113,0
DA:114,0
DA:117,0
DA:118,0
DA:119,0
DA:120,0
DA:123,0
DA:125,0
DA:126,0
DA:127,0
DA:128,0
DA:130,0
DA:131,0
DA:132,0
DA:135,0
DA:137,0
DA:138,0
DA:139,0
DA:142,0
DA:143,0
DA:149,0
DA:150,0
DA:151,0
DA:152,0
DA:158,0
DA:159,0
DA:161,0
DA:162,0
DA:164,0
DA:165,0
DA:168,0
DA:172,0
DA:173,0
DA:179,0
DA:180,0
DA:181,0
DA:184,0
DA:186,0
DA:187,0
DA:188,0
DA:189,0
DA:190,0
DA:192,0
LF:90
LH:28
end_of_record
SF:lib\features\workouts\widgets\warmup_calculator.dart
DA:14,1
DA:24,1
DA:25,1
DA:26,1
DA:27,3
DA:28,3
DA:29,3
DA:32,1
DA:33,3
DA:34,3
DA:35,3
DA:36,3
DA:40,4
DA:43,6
DA:46,0
DA:47,0
DA:53,0
DA:55,0
DA:56,0
DA:57,0
DA:59,0
DA:60,0
DA:62,0
DA:63,0
DA:64,0
DA:67,0
DA:68,0
DA:69,0
DA:73,0
DA:74,0
DA:75,0
DA:77,0
DA:78,0
DA:79,0
DA:82,0
DA:83,0
DA:86,0
DA:87,0
DA:88,0
DA:90,0
DA:91,0
DA:92,0
DA:96,0
DA:97,0
DA:99,0
DA:100,0
DA:101,0
DA:102,0
DA:103,0
DA:104,0
DA:108,0
DA:112,0
DA:113,0
DA:122,0
DA:123,0
DA:125,0
DA:126,0
DA:127,0
DA:128,0
DA:131,0
DA:132,0
DA:133,0
DA:137,0
DA:138,0
DA:139,0
DA:141,0
DA:142,0
DA:150,0
DA:151,0
DA:153,0
DA:154,0
DA:155,0
DA:156,0
DA:161,0
DA:162,0
DA:163,0
DA:164,0
DA:173,0
DA:175,0
DA:176,0
DA:178,0
DA:179,0
LF:82
LH:14
end_of_record
SF:lib\core\router\app_router.dart
DA:36,6
DA:37,6
DA:43,2
DA:48,2
DA:49,2
DA:51,1
DA:57,2
DA:58,2
DA:61,1
DA:65,1
DA:71,2
DA:72,2
DA:76,2
DA:78,2
DA:80,2
DA:81,2
DA:83,2
DA:84,2
DA:85,2
DA:86,2
DA:89,2
DA:101,2
DA:102,8
DA:106,2
DA:108,4
DA:109,2
DA:115,2
DA:116,4
DA:117,10
DA:122,2
DA:124,4
DA:125,2
DA:127,2
DA:135,2
DA:141,6
DA:142,0
DA:148,0
DA:149,0
DA:156,8
DA:157,4
DA:158,4
DA:159,4
DA:160,4
DA:161,2
DA:162,2
DA:164,4
DA:165,4
DA:167,2
DA:168,2
DA:171,2
DA:172,2
DA:173,0
DA:174,2
DA:176,0
DA:177,2
DA:180,2
DA:181,2
DA:183,4
DA:185,2
DA:187,4
DA:189,2
DA:191,0
DA:193,2
DA:195,0
DA:196,0
DA:199,2
DA:201,0
DA:202,0
DA:205,2
DA:207,0
DA:209,2
DA:211,0
DA:213,2
DA:215,0
DA:217,2
DA:219,0
DA:221,2
DA:223,0
DA:225,2
DA:227,0
DA:229,2
DA:231,0
DA:233,2
DA:235,0
DA:236,0
DA:239,2
DA:241,0
DA:243,2
DA:245,0
DA:247,2
DA:249,0
DA:251,2
DA:253,0
DA:255,2
DA:257,0
DA:259,2
DA:260,2
DA:261,0
DA:262,2
DA:263,2
DA:265,0
DA:267,2
DA:269,0
DA:271,2
DA:273,0
DA:275,2
DA:277,0
DA:279,2
DA:281,0
DA:291,0
DA:292,0
LF:111
LH:79
end_of_record
SF:lib\features\workouts\state\offline_video_providers.dart
DA:10,0
DA:13,0
DA:20,1
DA:23,0
DA:27,0
DA:29,0
DA:30,0
DA:31,0
DA:35,0
DA:37,0
DA:40,0
DA:42,0
DA:43,0
DA:44,0
DA:45,0
DA:46,0
DA:52,0
DA:53,0
DA:54,0
DA:55,0
DA:58,0
DA:60,0
DA:65,2
DA:66,1
LF:24
LH:3
end_of_record
SF:lib\features\workouts\workouts_page.dart
DA:19,1
DA:21,1
DA:23,1
DA:25,1
DA:27,1
DA:29,1
DA:38,2
DA:39,2
DA:41,1
DA:42,3
DA:43,1
DA:44,3
DA:45,4
DA:46,1
DA:47,1
DA:48,2
DA:49,1
DA:50,1
DA:51,1
DA:52,5
DA:53,3
DA:55,1
DA:56,0
DA:57,0
DA:62,4
DA:64,1
DA:65,1
DA:71,1
DA:73,1
DA:74,5
DA:76,1
DA:78,1
DA:80,1
DA:85,1
DA:87,1
DA:91,1
DA:92,1
DA:93,1
DA:94,1
DA:95,2
DA:96,1
DA:97,4
DA:98,1
DA:103,1
DA:104,1
DA:106,1
DA:107,2
DA:111,1
DA:113,1
DA:114,1
DA:115,1
DA:116,1
DA:121,2
DA:131,1
DA:132,1
DA:133,0
DA:134,0
DA:136,1
DA:137,1
DA:138,0
DA:139,0
DA:140,0
DA:141,0
DA:142,0
DA:147,1
DA:148,2
DA:149,2
DA:150,1
DA:160,0
DA:162,0
DA:164,0
DA:166,0
DA:168,0
DA:170,0
DA:177,4
DA:179,1
DA:191,1
DA:194,1
DA:196,1
DA:197,1
DA:198,1
DA:199,6
DA:200,1
DA:202,6
DA:203,1
DA:204,1
DA:205,1
DA:208,1
DA:209,1
DA:210,1
DA:216,1
DA:217,1
DA:220,1
DA:221,1
DA:222,1
DA:223,1
DA:224,1
DA:225,2
DA:228,2
DA:229,1
DA:233,1
DA:234,3
DA:235,3
DA:236,2
DA:243,1
DA:244,3
DA:245,0
DA:246,0
DA:247,0
DA:248,0
DA:249,2
DA:252,3
DA:253,2
DA:269,4
DA:271,1
DA:273,1
DA:274,1
DA:275,2
DA:276,1
DA:277,2
DA:279,1
DA:281,0
DA:283,0
DA:287,0
DA:288,0
DA:290,1
DA:291,1
DA:292,1
DA:295,1
DA:296,1
DA:306,1
DA:307,1
DA:309,1
DA:310,1
DA:314,2
DA:315,1
DA:318,1
DA:319,1
DA:321,1
DA:322,0
DA:323,0
DA:326,3
DA:327,2
DA:333,1
DA:334,0
DA:340,1
DA:342,2
DA:353,4
DA:355,1
DA:357,1
DA:358,1
DA:359,1
DA:360,1
DA:368,0
DA:372,1
DA:373,1
DA:381,0
DA:390,1
DA:403,1
DA:405,1
DA:406,1
DA:408,1
DA:409,1
DA:410,1
DA:411,1
DA:414,1
DA:415,1
DA:416,2
DA:418,2
DA:421,1
DA:422,1
DA:424,1
DA:425,2
DA:426,2
DA:427,1
DA:430,2
DA:431,3
DA:433,3
LF:178
LH:150
end_of_record
SF:lib\features\about\about_page.dart
DA:11,3
DA:53,0
DA:55,0
DA:56,0
DA:58,0
DA:60,0
DA:61,0
DA:63,0
DA:65,0
DA:66,0
DA:69,0
DA:70,0
DA:80,0
DA:82,0
DA:83,0
DA:86,0
DA:92,0
DA:94,0
DA:102,0
DA:104,0
DA:105,0
DA:108,0
DA:109,0
DA:112,0
DA:113,0
DA:115,0
DA:116,0
DA:118,0
DA:119,0
DA:121,0
DA:122,0
DA:123,0
DA:124,0
DA:127,0
DA:128,0
DA:130,0
DA:134,0
DA:135,0
DA:136,0
DA:143,0
DA:144,0
DA:145,0
DA:146,0
DA:147,0
DA:148,0
DA:149,0
DA:152,0
DA:154,0
DA:155,0
DA:162,0
DA:163,0
DA:164,0
DA:165,0
DA:177,3
DA:188,0
DA:191,0
DA:193,0
DA:194,0
DA:195,0
DA:197,0
DA:199,0
DA:200,0
DA:203,0
DA:204,0
DA:210,0
DA:213,0
DA:214,0
DA:216,0
DA:217,0
DA:218,0
DA:219,0
DA:220,0
DA:223,0
DA:224,0
DA:225,0
DA:226,0
DA:240,3
DA:246,0
DA:249,0
DA:251,0
DA:252,0
DA:253,0
DA:255,0
DA:256,0
DA:257,0
DA:258,0
DA:259,0
DA:260,0
DA:261,0
DA:262,0
DA:266,0
DA:267,0
DA:268,0
DA:269,0
DA:274,0
DA:275,0
DA:276,0
DA:277,0
DA:279,0
LF:99
LH:3
end_of_record
SF:lib\features\ai_planner\ai_planner_page.dart
DA:15,3
DA:17,0
DA:19,0
DA:20,0
DA:22,0
DA:24,0
DA:26,0
DA:27,0
DA:28,0
DA:31,0
DA:35,0
DA:36,0
DA:40,0
DA:41,0
DA:42,0
DA:44,0
DA:46,0
DA:47,0
DA:49,0
DA:53,0
DA:55,0
DA:56,0
DA:58,0
DA:60,0
DA:61,0
DA:62,0
DA:63,0
DA:66,0
DA:67,0
DA:77,0
DA:78,0
DA:80,0
DA:81,0
DA:82,0
DA:83,0
DA:85,0
DA:86,0
DA:87,0
DA:89,0
DA:90,0
DA:91,0
DA:100,0
DA:101,0
DA:106,0
DA:107,0
DA:108,0
DA:109,0
DA:110,0
DA:111,0
DA:112,0
DA:115,0
DA:116,0
DA:117,0
DA:118,0
DA:119,0
DA:120,0
DA:127,0
DA:128,0
DA:130,0
DA:131,0
DA:132,0
DA:133,0
DA:135,0
DA:136,0
DA:137,0
DA:138,0
DA:139,0
DA:140,0
LF:68
LH:1
end_of_record
SF:lib\features\catalog\contribute_video_page.dart
DA:11,3
DA:13,0
DA:15,0
DA:26,0
DA:28,0
DA:29,0
DA:30,0
DA:31,0
DA:34,0
DA:35,0
DA:36,0
DA:37,0
DA:38,0
DA:41,0
DA:43,0
DA:45,0
DA:46,0
DA:47,0
DA:48,0
DA:50,0
DA:51,0
DA:53,0
DA:54,0
DA:55,0
DA:58,0
DA:59,0
DA:60,0
DA:62,0
DA:64,0
DA:65,0
DA:66,0
DA:68,0
DA:69,0
DA:70,0
DA:73,0
DA:74,0
DA:75,0
DA:80,0
DA:82,0
DA:83,0
DA:85,0
DA:87,0
DA:88,0
DA:89,0
DA:93,0
DA:97,0
DA:98,0
DA:100,0
DA:101,0
DA:102,0
DA:108,0
DA:109,0
DA:116,0
DA:117,0
DA:126,0
DA:128,0
DA:129,0
DA:130,0
DA:131,0
DA:134,0
DA:136,0
DA:137,0
DA:140,0
DA:141,0
DA:142,0
DA:143,0
DA:149,0
LF:67
LH:1
end_of_record
SF:lib\features\catalog\moderation_page.dart
DA:13,3
DA:15,0
DA:17,0
DA:18,0
DA:19,0
DA:21,0
DA:22,0
DA:23,0
DA:24,0
DA:25,0
DA:26,0
DA:27,0
DA:29,0
DA:31,0
DA:36,0
DA:38,0
DA:39,0
DA:40,0
DA:52,0
DA:55,0
DA:57,0
DA:58,0
DA:60,0
DA:62,0
DA:63,0
DA:64,0
DA:65,0
DA:67,0
DA:68,0
DA:69,0
DA:70,0
DA:73,0
DA:74,0
DA:75,0
DA:77,0
DA:79,0
DA:81,0
DA:82,0
DA:83,0
DA:84,0
DA:85,0
DA:86,0
DA:87,0
DA:90,0
DA:91,0
DA:92,0
DA:94,0
DA:101,0
DA:102,0
DA:103,0
DA:104,0
DA:107,0
DA:108,0
DA:109,0
DA:110,0
LF:55
LH:1
end_of_record
SF:lib\features\celebrity_plans\celebrity_plans_page.dart
DA:14,3
DA:16,0
DA:18,0
DA:19,0
DA:20,0
DA:21,0
DA:23,0
DA:25,0
DA:27,0
DA:28,0
DA:29,0
DA:33,0
DA:37,0
DA:38,0
DA:39,0
DA:40,0
DA:41,0
DA:42,0
DA:43,0
DA:49,0
DA:51,0
DA:52,0
DA:64,0
DA:68,0
DA:70,0
DA:71,0
DA:73,0
DA:75,0
DA:76,0
DA:77,0
DA:78,0
DA:81,0
DA:82,0
DA:92,0
DA:93,0
DA:95,0
DA:96,0
DA:97,0
DA:98,0
DA:99,0
DA:100,0
DA:101,0
DA:106,0
DA:110,0
DA:111,0
DA:113,0
DA:116,0
DA:117,0
DA:118,0
LF:49
LH:1
end_of_record
SF:lib\features\community\team_feed_page.dart
DA:17,0
DA:21,0
DA:23,0
DA:24,0
DA:25,0
DA:26,0
DA:28,0
DA:30,0
DA:32,0
DA:33,0
DA:34,0
DA:37,0
DA:38,0
DA:42,0
DA:43,0
DA:44,0
DA:46,0
DA:47,0
DA:48,0
DA:49,0
DA:53,0
DA:57,0
DA:58,0
DA:59,0
DA:60,0
DA:74,0
DA:76,0
DA:77,0
DA:78,0
DA:80,0
DA:82,0
DA:83,0
DA:84,0
DA:85,0
DA:88,0
DA:89,0
DA:99,0
DA:100,0
DA:102,0
DA:103,0
DA:109,0
DA:112,0
DA:113,0
DA:117,0
DA:119,0
DA:120,0
DA:131,0
DA:135,0
DA:137,0
DA:138,0
DA:139,0
DA:141,0
DA:143,0
DA:144,0
DA:145,0
DA:146,0
DA:149,0
DA:150,0
DA:158,0
DA:159,0
DA:161,0
DA:162,0
DA:163,0
DA:164,0
DA:165,0
DA:166,0
DA:167,0
DA:169,0
DA:175,0
DA:176,0
DA:180,0
DA:181,0
DA:182,0
DA:183,0
DA:186,0
DA:187,0
DA:188,0
DA:190,0
DA:192,0
DA:195,0
DA:196,0
DA:197,0
DA:200,0
DA:201,0
DA:202,0
DA:204,0
DA:206,0
DA:210,0
DA:211,0
DA:212,0
DA:213,0
DA:223,0
DA:224,0
DA:225,0
DA:226,0
DA:227,0
LF:96
LH:0
end_of_record
SF:lib\features\donor_wall\donor_wall_page.dart
DA:13,3
DA:15,0
DA:17,0
DA:18,0
DA:19,0
DA:21,0
DA:23,0
DA:25,0
DA:26,0
DA:28,0
DA:29,0
DA:30,0
DA:33,0
DA:34,0
DA:44,0
DA:45,0
DA:47,0
DA:48,0
DA:50,0
DA:51,0
DA:54,0
DA:57,0
DA:58,0
DA:68,0
DA:69,0
DA:70,0
DA:74,0
DA:75,0
DA:76,0
DA:77,0
DA:78,0
DA:79,0
DA:84,0
DA:85,0
DA:86,0
DA:98,0
DA:101,0
DA:103,0
DA:104,0
DA:105,0
DA:107,0
DA:110,0
DA:112,0
DA:117,0
DA:118,0
DA:119,0
DA:120,0
DA:129,0
DA:132,0
DA:133,0
DA:134,0
DA:135,0
DA:137,0
DA:144,0
DA:145,0
DA:148,0
DA:149,0
DA:151,0
DA:158,0
DA:159,0
DA:160,0
DA:163,0
DA:165,0
DA:166,0
DA:167,0
DA:169,0
DA:170,0
DA:171,0
DA:174,0
DA:175,0
DA:176,0
DA:178,0
DA:181,0
DA:182,0
DA:184,0
DA:185,0
DA:186,0
DA:187,0
DA:188,0
DA:189,0
DA:190,0
DA:191,0
DA:194,0
DA:197,0
DA:198,0
DA:199,0
DA:201,0
DA:202,0
DA:212,0
DA:214,0
DA:215,0
DA:216,0
DA:218,0
LF:93
LH:1
end_of_record
SF:lib\features\equipment\equipment_detail_page.dart
DA:15,0
DA:19,0
DA:21,0
DA:22,0
DA:23,0
DA:25,0
DA:27,0
DA:28,0
DA:30,0
DA:31,0
DA:32,0
DA:34,0
DA:36,0
DA:38,0
DA:39,0
DA:40,0
DA:41,0
DA:42,0
DA:45,0
DA:46,0
DA:56,0
DA:57,0
DA:59,0
DA:60,0
DA:62,0
DA:63,0
DA:64,0
DA:65,0
DA:66,0
DA:78,0
DA:79,0
DA:81,0
DA:82,0
DA:84,0
DA:85,0
DA:87,0
DA:89,0
DA:93,0
DA:94,0
DA:96,0
DA:97,0
DA:99,0
DA:100,0
DA:115,0
DA:117,0
DA:118,0
DA:122,0
DA:123,0
DA:124,0
DA:125,0
DA:127,0
DA:128,0
DA:129,0
DA:130,0
DA:131,0
DA:132,0
DA:135,0
DA:140,0
DA:141,0
DA:142,0
DA:143,0
DA:145,0
DA:146,0
DA:147,0
DA:161,0
DA:164,0
DA:166,0
DA:167,0
DA:168,0
DA:169,0
DA:170,0
DA:171,0
DA:174,0
DA:175,0
DA:176,0
DA:177,0
DA:178,0
DA:185,0
DA:186,0
DA:188,0
DA:189,0
DA:190,0
DA:191,0
DA:192,0
DA:193,0
DA:194,0
DA:195,0
DA:200,0
DA:201,0
DA:202,0
DA:203,0
DA:204,0
DA:211,0
DA:212,0
DA:215,0
DA:216,0
DA:229,0
DA:232,0
DA:234,0
DA:235,0
DA:236,0
DA:237,0
DA:238,0
DA:241,0
DA:242,0
DA:252,0
DA:253,0
DA:254,0
DA:256,0
DA:257,0
DA:258,0
DA:270,3
DA:271,0
DA:286,3
DA:288,0
DA:289,0
DA:293,0
DA:298,0
DA:313,0
DA:315,0
DA:316,0
DA:319,0
DA:320,0
DA:323,0
DA:324,0
DA:326,0
DA:330,0
DA:331,0
DA:339,0
DA:341,0
DA:343,0
DA:344,0
DA:346,0
DA:347,0
DA:349,0
DA:352,0
DA:353,0
DA:355,0
DA:358,0
DA:359,0
LF:140
LH:2
end_of_record
SF:lib\features\equipment\workout_player_page.dart
DA:24,0
DA:25,0
DA:29,0
DA:30,0
DA:31,0
DA:32,0
DA:33,0
DA:39,0
DA:40,0
DA:41,0
DA:43,0
DA:44,0
DA:45,0
DA:47,0
DA:48,0
DA:54,0
DA:58,0
DA:60,0
DA:61,0
DA:63,0
DA:65,0
DA:66,0
DA:67,0
DA:68,0
DA:70,0
DA:72,0
DA:73,0
DA:75,0
DA:80,0
DA:82,0
DA:83,0
DA:85,0
DA:86,0
DA:88,0
DA:89,0
DA:90,0
DA:91,0
DA:93,0
DA:95,0
DA:96,0
DA:97,0
DA:98,0
DA:99,0
DA:101,0
DA:102,0
DA:103,0
DA:106,0
DA:107,0
DA:108,0
DA:109,0
DA:119,0
DA:122,0
DA:124,0
DA:125,0
DA:126,0
DA:127,0
DA:128,0
DA:131,0
DA:132,0
DA:133,0
DA:134,0
DA:135,0
DA:142,0
DA:143,0
DA:145,0
DA:146,0
DA:147,0
DA:148,0
DA:150,0
DA:153,0
DA:154,0
DA:155,0
DA:156,0
DA:157,0
DA:170,0
DA:172,0
DA:174,0
DA:175,0
DA:177,0
DA:178,0
DA:179,0
DA:181,0
DA:182,0
DA:183,0
DA:192,0
DA:195,0
DA:196,0
DA:205,0
DA:207,0
DA:208,0
DA:215,0
DA:217,0
DA:218,0
DA:221,0
DA:222,0
DA:225,0
DA:227,0
DA:228,0
DA:229,0
DA:230,0
DA:233,0
DA:234,0
DA:235,0
DA:237,0
DA:239,0
DA:240,0
DA:244,0
DA:246,0
DA:247,0
DA:250,0
DA:252,0
DA:253,0
DA:254,0
DA:257,0
DA:258,0
DA:266,0
DA:267,0
DA:268,0
DA:269,0
DA:270,0
DA:271,0
DA:272,0
DA:274,0
DA:275,0
DA:277,0
DA:279,0
DA:280,0
DA:281,0
DA:282,0
DA:284,0
DA:286,0
DA:287,0
DA:293,0
DA:294,0
DA:297,0
DA:300,0
DA:301,0
DA:302,0
DA:323,0
DA:325,0
DA:326,0
DA:327,0
DA:328,0
DA:329,0
DA:332,0
DA:333,0
DA:343,0
DA:344,0
DA:346,0
DA:356,0
DA:358,0
DA:360,0
DA:361,0
DA:362,0
DA:364,0
DA:365,0
DA:366,0
DA:367,0
DA:369,0
DA:370,0
DA:371,0
DA:374,0
DA:375,0
DA:377,0
DA:379,0
DA:380,0
DA:383,0
DA:384,0
DA:390,0
DA:391,0
DA:392,0
DA:402,0
DA:403,0
DA:404,0
DA:416,0
DA:419,0
DA:421,0
DA:422,0
DA:423,0
DA:425,0
DA:426,0
DA:427,0
DA:428,0
DA:429,0
DA:430,0
DA:431,0
DA:433,0
DA:434,0
DA:435,0
DA:436,0
DA:437,0
DA:438,0
DA:439,0
DA:446,0
DA:447,0
DA:448,0
DA:452,0
DA:458,0
DA:459,0
DA:461,0
DA:465,0
DA:466,0
DA:470,0
DA:473,0
DA:475,0
DA:476,0
DA:482,0
DA:484,0
DA:485,0
DA:495,0
DA:499,0
DA:501,0
DA:517,0
DA:519,0
DA:520,0
DA:524,0
DA:529,0
DA:544,0
DA:546,0
DA:547,0
DA:550,0
DA:551,0
DA:554,0
DA:555,0
DA:557,0
DA:560,0
DA:561,0
DA:569,0
DA:572,0
DA:573,0
DA:574,0
DA:576,0
DA:577,0
DA:578,0
DA:580,0
DA:581,0
DA:586,0
DA:589,0
DA:591,0
DA:592,0
DA:593,0
DA:595,0
DA:596,0
DA:597,0
DA:598,0
DA:599,0
DA:600,0
DA:601,0
DA:603,0
DA:606,0
DA:607,0
DA:608,0
DA:609,0
DA:610,0
DA:611,0
DA:612,0
DA:613,0
DA:614,0
DA:615,0
DA:620,0
DA:621,0
DA:622,0
DA:623,0
DA:628,0
DA:632,0
DA:635,0
DA:637,0
DA:638,0
DA:639,0
DA:641,0
DA:643,0
DA:644,0
DA:651,0
DA:652,0
DA:653,0
DA:656,0
DA:658,0
DA:659,0
DA:669,0
DA:670,0
DA:674,0
DA:675,0
DA:676,0
DA:684,0
DA:687,0
DA:689,0
DA:690,0
DA:692,0
DA:693,0
DA:696,0
DA:697,0
DA:698,0
DA:701,0
DA:703,0
DA:704,0
DA:705,0
DA:708,0
DA:709,0
DA:710,0
DA:712,0
DA:713,0
DA:721,0
DA:722,0
DA:724,0
DA:725,0
DA:728,0
DA:729,0
DA:731,0
DA:733,0
DA:736,0
DA:737,0
DA:738,0
DA:739,0
DA:740,0
DA:745,0
DA:746,0
DA:747,0
DA:748,0
DA:763,0
DA:765,0
DA:767,0
DA:768,0
DA:769,0
DA:771,0
DA:772,0
DA:775,0
DA:776,0
DA:786,0
DA:787,0
DA:789,0
DA:790,0
DA:791,0
DA:792,0
DA:794,0
DA:795,0
DA:796,0
DA:797,0
DA:798,0
DA:799,0
LF:339
LH:0
end_of_record
SF:lib\features\form_check\form_check_page.dart
DA:21,3
DA:23,0
DA:24,0
DA:31,0
DA:33,0
DA:34,0
DA:36,0
DA:37,0
DA:38,0
DA:40,0
DA:41,0
DA:46,0
DA:50,0
DA:51,0
DA:52,0
DA:55,0
DA:57,0
DA:58,0
DA:59,0
DA:60,0
DA:61,0
DA:63,0
DA:65,0
DA:67,0
DA:68,0
DA:69,0
DA:72,0
DA:73,0
DA:74,0
DA:75,0
DA:76,0
DA:77,0
DA:78,0
DA:80,0
DA:81,0
DA:82,0
DA:83,0
DA:85,0
DA:86,0
DA:92,0
DA:93,0
DA:97,0
DA:98,0
DA:102,0
DA:109,0
DA:110,0
DA:111,0
DA:114,0
DA:116,0
DA:127,0
DA:130,0
DA:132,0
DA:139,0
DA:140,0
DA:145,0
DA:150,0
DA:152,0
DA:153,0
DA:154,0
DA:155,0
DA:157,0
DA:158,0
DA:160,0
DA:161,0
DA:164,0
DA:167,0
DA:176,0
DA:179,0
DA:181,0
DA:182,0
DA:183,0
DA:185,0
DA:186,0
DA:187,0
DA:189,0
DA:191,0
DA:198,0
DA:200,0
DA:203,0
DA:205,0
DA:206,0
DA:207,0
DA:209,0
DA:210,0
DA:211,0
LF:85
LH:1
end_of_record
SF:lib\features\marketplace\marketplace_page.dart
DA:13,3
DA:15,0
DA:17,0
DA:18,0
DA:19,0
DA:21,0
DA:23,0
DA:24,0
DA:25,0
DA:29,0
DA:33,0
DA:34,0
DA:36,0
DA:37,0
DA:38,0
DA:39,0
DA:40,0
DA:53,0
DA:56,0
DA:58,0
DA:59,0
DA:61,0
DA:62,0
DA:64,0
DA:65,0
DA:66,0
DA:67,0
DA:70,0
DA:71,0
DA:73,0
DA:81,0
DA:82,0
DA:84,0
DA:85,0
DA:86,0
DA:87,0
DA:88,0
DA:89,0
DA:90,0
DA:96,0
DA:97,0
DA:98,0
DA:103,0
DA:104,0
DA:105,0
DA:106,0
DA:107,0
DA:108,0
DA:109,0
DA:110,0
DA:116,0
DA:118,0
DA:121,0
DA:122,0
DA:123,0
DA:126,0
DA:127,0
DA:128,0
DA:130,0
DA:131,0
DA:132,0
DA:141,0
DA:142,0
DA:144,0
DA:145,0
DA:146,0
DA:148,0
DA:149,0
DA:150,0
DA:151,0
LF:70
LH:1
end_of_record
SF:lib\features\onboarding\onboarding_page.dart
DA:18,3
DA:20,0
DA:21,0
DA:41,0
DA:43,0
DA:45,0
DA:47,0
DA:49,0
DA:51,0
DA:53,0
DA:60,0
DA:62,0
DA:63,0
DA:66,0
DA:68,0
DA:69,0
DA:70,0
DA:75,0
DA:79,0
DA:80,0
DA:81,0
DA:82,0
DA:88,0
DA:89,0
DA:90,0
DA:91,0
DA:92,0
DA:93,0
DA:94,0
DA:95,0
DA:99,0
DA:102,0
DA:104,0
DA:105,0
DA:106,0
DA:107,0
DA:109,0
DA:110,0
DA:111,0
DA:113,0
DA:114,0
DA:116,0
DA:118,0
DA:119,0
DA:121,0
DA:122,0
DA:123,0
DA:124,0
DA:127,0
DA:129,0
DA:134,0
DA:135,0
DA:136,0
DA:137,0
DA:138,0
DA:139,0
DA:143,0
DA:144,0
DA:146,0
DA:147,0
DA:148,0
DA:150,0
DA:151,0
DA:156,0
DA:157,0
DA:159,0
DA:165,0
DA:176,0
DA:178,0
DA:198,0
DA:201,0
DA:203,0
DA:204,0
DA:205,0
DA:207,0
DA:208,0
DA:209,0
DA:210,0
DA:211,0
LF:79
LH:1
end_of_record
SF:lib\features\progress_photos\progress_photos_page.dart
DA:17,3
DA:19,0
DA:21,0
DA:22,0
DA:23,0
DA:24,0
DA:26,0
DA:28,0
DA:30,0
DA:31,0
DA:33,0
DA:34,0
DA:37,0
DA:38,0
DA:42,0
DA:43,0
DA:44,0
DA:46,0
DA:47,0
DA:49,0
DA:51,0
DA:52,0
DA:53,0
DA:64,0
DA:66,0
DA:67,0
DA:69,0
DA:71,0
DA:74,0
DA:75,0
DA:78,0
DA:80,0
DA:91,0
DA:93,0
DA:94,0
DA:96,0
DA:97,0
DA:99,0
DA:100,0
DA:102,0
DA:103,0
DA:106,0
DA:109,0
DA:118,0
DA:122,0
DA:124,0
DA:125,0
DA:126,0
DA:127,0
DA:130,0
DA:134,0
DA:143,0
DA:144,0
DA:150,0
DA:152,0
DA:154,0
DA:155,0
DA:156,0
DA:157,0
DA:158,0
DA:159,0
DA:160,0
DA:161,0
DA:163,0
DA:165,0
DA:167,0
DA:171,0
DA:172,0
DA:174,0
DA:175,0
DA:184,0
DA:189,0
LF:72
LH:1
end_of_record
SF:lib\features\social_feed\social_feed_page.dart
DA:13,3
DA:15,0
DA:17,0
DA:18,0
DA:20,0
DA:21,0
DA:22,0
DA:23,0
DA:25,0
DA:26,0
DA:28,0
DA:29,0
DA:30,0
DA:36,0
DA:39,0
DA:40,0
DA:50,0
DA:51,0
DA:52,0
DA:56,0
DA:57,0
DA:61,0
DA:63,0
DA:65,0
DA:68,0
DA:69,0
DA:76,0
DA:77,0
DA:78,0
DA:80,0
DA:81,0
DA:84,0
DA:85,0
DA:86,0
DA:87,0
DA:89,0
DA:102,0
DA:105,0
DA:107,0
DA:108,0
DA:110,0
DA:112,0
DA:113,0
DA:114,0
DA:115,0
DA:118,0
DA:119,0
DA:121,0
DA:129,0
DA:130,0
DA:131,0
DA:133,0
DA:134,0
DA:138,0
DA:140,0
DA:141,0
DA:142,0
DA:144,0
DA:145,0
DA:148,0
DA:150,0
DA:151,0
DA:153,0
DA:154,0
DA:155,0
DA:157,0
DA:161,0
DA:169,0
DA:170,0
DA:171,0
DA:172,0
DA:173,0
LF:72
LH:1
end_of_record
SF:lib\features\visual_equipment\visual_equipment_page.dart
DA:16,3
DA:18,0
DA:20,0
DA:21,0
DA:22,0
DA:24,0
DA:26,0
DA:27,0
DA:28,0
DA:32,0
DA:36,0
DA:37,0
DA:38,0
DA:39,0
DA:40,0
DA:47,0
DA:48,0
DA:49,0
DA:58,0
DA:59,0
DA:60,0
DA:61,0
DA:62,0
DA:64,0
DA:65,0
DA:68,0
DA:69,0
DA:70,0
DA:72,0
DA:73,0
DA:76,0
DA:77,0
DA:92,0
DA:97,0
DA:99,0
DA:105,0
DA:107,0
DA:108,0
DA:110,0
DA:111,0
DA:112,0
DA:119,0
DA:122,0
DA:124,0
DA:125,0
DA:126,0
DA:127,0
DA:128,0
DA:129,0
DA:130,0
DA:131,0
DA:133,0
DA:134,0
DA:135,0
DA:136,0
DA:137,0
DA:139,0
DA:140,0
DA:141,0
DA:142,0
DA:143,0
LF:61
LH:1
end_of_record
SF:lib\shared\widgets\main_shell.dart
DA:8,0
DA:14,0
DA:47,0
DA:48,0
DA:49,0
DA:52,0
DA:54,0
DA:55,0
DA:57,0
DA:60,0
DA:61,0
DA:62,0
DA:64,0
LF:13
LH:0
end_of_record
SF:lib\features\ai_planner\state\ai_planner_providers.dart
DA:19,0
DA:20,0
DA:22,0
DA:25,0
DA:26,0
DA:31,0
DA:32,0
DA:33,0
DA:34,0
DA:35,0
DA:38,0
DA:40,0
LF:12
LH:0
end_of_record
SF:lib\features\personalisation\state\personalisation_providers.dart
DA:11,0
DA:12,0
DA:13,0
DA:14,0
DA:15,0
DA:16,0
DA:17,0
DA:19,0
DA:20,0
DA:22,0
DA:27,0
DA:28,0
DA:29,0
DA:30,0
DA:31,0
DA:33,0
DA:34,0
DA:35,0
DA:36,0
DA:37,0
LF:20
LH:0
end_of_record
SF:lib\features\catalog\state\catalog_providers.dart
DA:6,0
DA:7,0
DA:8,0
DA:11,0
DA:12,0
DA:14,0
DA:15,0
DA:18,0
DA:19,0
DA:21,0
DA:22,0
LF:11
LH:0
end_of_record
SF:lib\features\celebrity_plans\state\celebrity_plan_providers.dart
DA:6,0
DA:7,0
DA:9,0
DA:10,0
LF:4
LH:0
end_of_record
SF:lib\features\community\data\team_feed.dart
DA:4,0
DA:39,0
DA:40,0
DA:41,0
DA:42,0
DA:43,0
DA:44,0
DA:45,0
DA:46,0
DA:47,0
DA:48,0
DA:49,0
DA:50,0
DA:51,0
DA:54,0
DA:55,0
DA:57,0
DA:58,0
DA:59,0
DA:60,0
DA:61,0
DA:62,0
DA:63,0
DA:64,0
DA:65,0
DA:67,0
DA:68,0
DA:69,0
DA:75,0
DA:91,0
DA:92,0
DA:93,0
DA:94,0
DA:95,0
DA:96,0
LF:35
LH:0
end_of_record
SF:lib\features\community\data\team_feed_repository.dart
DA:36,0
DA:38,0
DA:41,0
DA:51,0
DA:52,0
DA:57,0
DA:62,0
DA:63,0
DA:67,0
DA:73,0
DA:74,0
DA:75,0
DA:76,0
DA:77,0
DA:78,0
DA:79,0
DA:80,0
DA:81,0
DA:82,0
DA:83,0
DA:84,0
DA:85,0
DA:86,0
DA:87,0
DA:88,0
DA:90,0
DA:91,0
DA:96,0
DA:103,0
DA:104,0
DA:109,0
DA:111,0
LF:32
LH:0
end_of_record
SF:lib\features\community\state\team_feed_providers.dart
DA:6,0
DA:7,0
DA:10,0
DA:11,0
DA:12,0
LF:5
LH:0
end_of_record
SF:lib\features\donor_wall\state\donor_wall_providers.dart
DA:6,0
DA:8,0
DA:13,0
DA:14,0
DA:15,0
LF:5
LH:0
end_of_record
SF:lib\features\equipment\widgets\equipment_report_sheet.dart
DA:14,0
DA:25,0
DA:31,0
DA:35,0
DA:43,0
DA:45,0
DA:54,0
DA:56,0
DA:57,0
DA:60,0
DA:61,0
DA:63,0
DA:66,0
DA:67,0
DA:68,0
DA:70,0
DA:71,0
DA:72,0
DA:73,0
DA:74,0
DA:75,0
DA:76,0
DA:77,0
DA:80,0
DA:81,0
DA:82,0
DA:84,0
DA:85,0
DA:86,0
DA:87,0
DA:92,0
DA:94,0
DA:95,0
DA:96,0
DA:97,0
DA:101,0
DA:103,0
DA:105,0
DA:108,0
DA:109,0
DA:110,0
DA:111,0
DA:113,0
DA:114,0
DA:115,0
DA:118,0
DA:121,0
DA:122,0
DA:123,0
DA:124,0
DA:125,0
DA:126,0
DA:131,0
DA:132,0
DA:135,0
DA:138,0
DA:139,0
DA:140,0
DA:145,0
DA:147,0
DA:148,0
DA:149,0
DA:150,0
DA:154,0
DA:155,0
DA:158,0
DA:159,0
DA:160,0
DA:163,0
DA:164,0
DA:167,0
DA:180,0
DA:181,0
DA:184,0
DA:185,0
DA:194,0
DA:196,0
DA:198,0
DA:200,0
DA:202,0
LF:80
LH:0
end_of_record
SF:lib\features\workouts\widgets\difficulty_rating_sheet.dart
DA:15,0
DA:18,0
DA:22,0
DA:26,0
DA:30,0
DA:32,0
DA:33,0
DA:34,0
DA:36,0
DA:38,0
DA:41,0
DA:42,0
DA:43,0
DA:44,0
DA:46,0
DA:47,0
DA:48,0
DA:49,0
DA:53,0
DA:54,0
DA:55,0
DA:62,0
DA:63,0
DA:66,0
DA:73,0
DA:74,0
DA:77,0
DA:84,0
DA:85,0
DA:90,0
DA:94,0
DA:95,0
DA:106,0
DA:118,0
DA:120,0
DA:121,0
DA:122,0
DA:123,0
DA:124,0
DA:126,0
DA:127,0
DA:128,0
DA:130,0
DA:131,0
DA:132,0
DA:134,0
DA:135,0
DA:136,0
LF:48
LH:0
end_of_record
SF:lib\features\form_check\data\mlkit_pose_detector_service.dart
DA:22,0
DA:34,0
DA:36,0
DA:37,0
DA:39,0
DA:41,0
DA:42,0
DA:43,0
DA:48,0
DA:49,0
DA:50,0
DA:51,0
DA:53,0
DA:57,0
DA:61,0
DA:62,0
DA:63,0
DA:66,0
DA:67,0
DA:68,0
DA:70,0
DA:72,0
DA:73,0
DA:74,0
DA:75,0
DA:79,0
DA:86,0
DA:87,0
DA:88,0
DA:89,0
DA:90,0
DA:92,0
DA:93,0
DA:94,0
DA:95,0
DA:98,0
DA:99,0
DA:102,0
DA:104,0
DA:108,0
DA:115,0
DA:116,0
DA:117,0
DA:118,0
DA:120,0
DA:122,0
DA:124,0
DA:125,0
DA:126,0
DA:127,0
DA:132,0
DA:133,0
DA:135,0
DA:137,0
DA:139,0
DA:141,0
DA:143,0
DA:145,0
DA:147,0
DA:149,0
DA:151,0
DA:153,0
DA:155,0
DA:158,0
DA:161,0
DA:163,0
DA:165,0
DA:169,0
DA:171,0
DA:172,0
DA:173,0
DA:174,0
DA:175,0
LF:73
LH:0
end_of_record
SF:lib\features\form_check\data\pose_detector_service.dart
DA:22,0
DA:29,0
DA:30,0
DA:32,0
DA:34,0
DA:35,0
DA:36,0
DA:37,0
DA:38,0
DA:42,0
DA:44,0
DA:47,0
DA:49,0
LF:13
LH:0
end_of_record
SF:lib\features\form_check\state\form_check_providers.dart
DA:12,0
DA:13,0
DA:14,0
DA:15,0
DA:16,0
DA:19,0
DA:20,0
DA:23,0
DA:31,0
DA:33,0
DA:34,0
DA:35,0
DA:36,0
DA:40,0
DA:41,0
DA:42,0
DA:46,0
DA:47,0
LF:18
LH:0
end_of_record
SF:lib\features\onboarding\steps\step_equipment.dart
DA:8,0
DA:9,0
DA:10,0
DA:11,0
DA:12,0
DA:15,3
DA:17,0
DA:19,0
DA:20,0
DA:22,0
DA:24,0
DA:32,0
DA:34,0
DA:35,0
DA:36,0
DA:37,0
DA:41,0
DA:42,0
DA:45,0
DA:46,0
LF:20
LH:1
end_of_record
SF:lib\features\onboarding\steps\step_goals.dart
DA:18,3
DA:20,0
DA:22,0
DA:23,0
DA:26,0
DA:27,0
DA:28,0
DA:29,0
DA:30,0
DA:31,0
DA:34,0
DA:36,0
DA:44,0
DA:53,0
DA:54,0
DA:55,0
DA:56,0
DA:57,0
DA:58,0
DA:59,0
DA:62,0
DA:63,0
DA:64,0
DA:65,0
DA:66,0
DA:67,0
DA:68,0
DA:72,0
DA:73,0
DA:75,0
DA:76,0
LF:31
LH:1
end_of_record
SF:lib\features\onboarding\steps\step_health.dart
DA:9,0
DA:10,0
DA:11,0
DA:12,0
DA:13,0
DA:15,0
DA:18,3
DA:20,0
DA:22,0
DA:23,0
DA:25,0
DA:27,0
DA:35,0
DA:36,0
DA:39,0
DA:40,0
DA:44,0
DA:45,0
DA:48,0
DA:49,0
DA:53,0
DA:54,0
DA:57,0
DA:58,0
DA:62,0
DA:63,0
DA:66,0
DA:68,0
DA:69,0
DA:70,0
DA:71,0
DA:72,0
DA:73,0
DA:74,0
DA:75,0
DA:77,0
DA:78,0
DA:82,0
DA:83,0
DA:86,0
DA:87,0
DA:91,0
DA:92,0
DA:95,0
DA:96,0
DA:100,0
DA:106,0
DA:107,0
DA:108,0
DA:109,0
DA:111,0
DA:112,0
DA:113,0
DA:116,0
DA:117,0
DA:120,0
DA:121,0
LF:57
LH:1
end_of_record
SF:lib\features\onboarding\steps\step_level.dart
DA:9,0
DA:10,0
DA:11,0
DA:12,0
DA:13,0
DA:16,3
DA:18,0
DA:20,0
DA:21,0
DA:23,0
DA:25,0
DA:33,0
DA:34,0
DA:37,0
DA:38,0
DA:42,0
DA:43,0
DA:46,0
DA:47,0
DA:51,0
DA:57,0
DA:58,0
DA:59,0
DA:60,0
DA:62,0
DA:63,0
DA:64,0
DA:67,0
DA:73,0
DA:74,0
DA:75,0
DA:76,0
DA:78,0
DA:79,0
DA:80,0
LF:35
LH:1
end_of_record
SF:lib\features\onboarding\steps\step_lifestyle.dart
DA:10,3
DA:12,0
DA:14,0
DA:15,0
DA:17,0
DA:19,0
DA:27,0
DA:37,0
DA:38,0
DA:39,0
DA:40,0
DA:41,0
DA:42,0
DA:43,0
DA:44,0
DA:46,0
DA:47,0
DA:48,0
DA:51,0
DA:58,0
DA:59,0
DA:60,0
DA:61,0
DA:62,0
DA:64,0
DA:65,0
DA:66,0
DA:69,0
DA:76,0
DA:77,0
DA:78,0
DA:79,0
DA:80,0
DA:82,0
DA:83,0
DA:84,0
DA:87,0
DA:88,0
DA:91,0
DA:92,0
DA:96,0
DA:100,0
DA:101,0
DA:102,0
DA:103,0
DA:107,0
DA:114,0
DA:115,0
DA:116,0
DA:117,0
DA:118,0
DA:120,0
DA:121,0
DA:122,0
LF:54
LH:1
end_of_record
SF:lib\features\onboarding\steps\step_motivation.dart
DA:10,3
DA:12,0
DA:14,0
DA:15,0
DA:17,0
DA:19,0
DA:27,0
DA:28,0
DA:31,0
DA:32,0
DA:36,0
DA:44,0
DA:45,0
DA:46,0
DA:47,0
DA:48,0
DA:49,0
DA:51,0
DA:52,0
DA:53,0
DA:57,0
DA:65,0
DA:66,0
DA:67,0
DA:68,0
DA:69,0
DA:70,0
DA:72,0
DA:73,0
DA:74,0
LF:30
LH:1
end_of_record
SF:lib\features\onboarding\steps\step_personal.dart
DA:10,3
DA:12,0
DA:14,0
DA:15,0
DA:17,0
DA:19,0
DA:27,0
DA:28,0
DA:31,0
DA:32,0
DA:36,0
DA:44,0
DA:45,0
DA:46,0
DA:49,0
DA:50,0
DA:53,0
DA:54,0
DA:58,0
DA:59,0
DA:63,0
DA:64,0
DA:68,0
DA:69,0
DA:73,0
DA:74,0
DA:78,0
DA:86,0
DA:87,0
DA:88,0
DA:95,0
DA:96,0
DA:97,0
DA:98,0
DA:99,0
DA:102,0
DA:103,0
DA:104,0
DA:105,0
DA:106,0
LF:40
LH:1
end_of_record
SF:lib\features\onboarding\widgets\inputs.dart
DA:8,21
DA:21,0
DA:23,0
DA:24,0
DA:26,0
DA:27,0
DA:28,0
DA:31,0
DA:32,0
DA:33,0
DA:34,0
DA:35,0
DA:37,0
DA:38,0
DA:39,0
DA:40,0
DA:46,0
DA:50,0
DA:51,0
DA:53,0
DA:54,0
DA:55,0
DA:56,0
DA:57,0
DA:59,0
DA:61,0
DA:62,0
DA:63,0
DA:65,0
DA:79,21
DA:81,0
DA:83,0
DA:84,0
DA:86,0
DA:87,0
DA:88,0
DA:90,0
DA:99,0
DA:112,0
DA:114,0
DA:117,0
DA:118,0
DA:119,0
DA:120,0
DA:121,0
DA:122,0
DA:131,0
DA:144,0
DA:146,0
DA:149,0
DA:150,0
DA:151,0
DA:152,0
DA:153,0
DA:154,0
DA:155,0
DA:156,0
DA:157,0
DA:166,0
DA:175,0
DA:177,0
DA:178,0
DA:179,0
DA:180,0
DA:184,0
DA:185,0
DA:186,0
DA:192,0
DA:193,0
DA:194,0
DA:195,0
DA:196,0
DA:203,0
DA:204,0
DA:205,0
DA:206,0
DA:207,0
DA:218,0
DA:233,0
DA:235,0
DA:236,0
DA:237,0
DA:238,0
DA:239,0
DA:240,0
DA:241,0
DA:242,0
DA:243,0
DA:245,0
DA:246,0
DA:247,0
DA:250,0
DA:251,0
DA:254,0
DA:255,0
DA:256,0
DA:257,0
LF:97
LH:2
end_of_record
SF:lib\features\progress_photos\data\progress_photo.dart
DA:7,0
LF:1
LH:0
end_of_record
SF:lib\features\progress_photos\state\progress_photos_providers.dart
DA:16,0
DA:18,0
DA:21,0
DA:23,0
DA:24,0
DA:25,0
DA:26,0
DA:29,0
DA:33,0
DA:35,0
DA:39,0
DA:40,0
DA:41,0
DA:44,0
DA:45,0
DA:46,0
DA:50,0
DA:53,0
DA:54,0
DA:56,0
DA:57,0
DA:58,0
DA:60,0
DA:64,0
DA:65,0
DA:67,0
DA:68,0
DA:69,0
DA:71,0
DA:76,0
DA:77,0
LF:31
LH:0
end_of_record
SF:lib\features\social_feed\state\social_feed_providers.dart
DA:6,0
DA:7,0
DA:9,0
DA:10,0
LF:4
LH:0
end_of_record
SF:lib\features\visual_equipment\data\visual_equipment_service.dart
DA:16,0
DA:19,0
DA:24,0
DA:25,0
DA:28,0
DA:29,0
DA:30,0
DA:31,0
DA:32,0
LF:9
LH:0
end_of_record
SF:lib\features\visual_equipment\state\visual_equipment_providers.dart
DA:6,0
DA:7,0
DA:8,0
DA:13,0
DA:16,0
DA:17,0
DA:19,0
DA:20,0
DA:21,0
DA:22,0
DA:24,0
DA:29,0
LF:12
LH:0
end_of_record
SF:lib\shared\widgets\glass_nav_bar.dart
DA:5,1
DA:16,1
DA:18,3
DA:19,1
DA:21,1
DA:24,1
DA:25,1
DA:26,1
DA:27,1
DA:28,1
DA:29,1
DA:33,1
DA:34,1
DA:40,1
DA:41,1
DA:42,1
DA:43,1
DA:44,1
DA:46,1
DA:48,1
DA:50,2
DA:51,4
DA:52,1
DA:53,1
DA:54,1
DA:57,3
DA:60,1
DA:61,1
DA:62,1
DA:63,1
DA:64,4
DA:66,1
DA:67,1
DA:68,1
DA:69,5
DA:70,1
DA:78,1
DA:79,4
DA:80,2
DA:81,2
DA:82,1
DA:83,1
DA:84,3
DA:86,1
DA:88,1
DA:95,1
DA:96,1
DA:97,1
DA:98,1
DA:100,1
DA:102,1
DA:103,1
DA:105,1
DA:107,1
DA:108,1
DA:109,1
DA:113,1
DA:114,1
DA:115,1
DA:116,1
DA:120,2
DA:140,4
LF:62
LH:62
end_of_record
SF:lib\main.dart
DA:43,0
DA:44,0
DA:45,0
DA:46,0
DA:52,0
DA:53,0
DA:57,0
DA:61,0
DA:63,0
DA:64,0
DA:65,0
DA:67,0
DA:68,0
DA:69,0
DA:70,0
DA:71,0
DA:72,0
DA:73,0
DA:76,0
DA:77,0
DA:78,0
DA:79,0
DA:80,0
DA:81,0
DA:84,0
DA:85,0
DA:88,0
DA:89,0
DA:93,0
DA:94,0
DA:99,0
DA:100,0
DA:104,0
DA:105,0
DA:108,0
DA:109,0
DA:112,0
DA:113,0
DA:116,0
DA:117,0
DA:125,2
DA:127,1
DA:129,2
DA:130,1
DA:132,1
DA:133,1
DA:138,1
DA:139,1
DA:145,1
DA:147,0
DA:151,0
LF:51
LH:9
end_of_record
SF:lib\core\assets\asset_bootstrap.dart
DA:14,0
DA:22,0
DA:23,0
DA:24,0
DA:26,0
DA:27,0
DA:28,0
DA:29,0
DA:30,0
DA:33,0
DA:34,0
DA:35,0
DA:36,0
LF:13
LH:0
end_of_record
SF:lib\core\health\platform_health_service.dart
DA:16,0
DA:30,0
DA:31,0
DA:35,0
DA:37,0
DA:39,0
DA:48,0
DA:50,0
DA:52,0
DA:53,0
DA:54,0
DA:62,0
DA:67,0
DA:68,0
DA:69,0
DA:72,0
DA:78,0
DA:79,0
DA:80,0
DA:81,0
DA:82,0
DA:83,0
DA:85,0
DA:86,0
DA:87,0
DA:89,0
DA:90,0
DA:97,0
DA:99,0
DA:100,0
DA:101,0
DA:102,0
DA:103,0
DA:106,0
DA:108,0
DA:109,0
DA:110,0
DA:112,0
DA:114,0
DA:115,0
DA:116,0
DA:117,0
DA:128,0
DA:138,0
DA:139,0
DA:140,0
DA:141,0
DA:142,0
DA:143,0
DA:144,0
DA:146,0
DA:148,0
DA:150,0
DA:151,0
DA:153,0
DA:156,0
DA:157,0
DA:159,0
DA:160,0
DA:161,0
DA:168,0
DA:169,0
DA:170,0
DA:171,0
DA:172,0
DA:173,0
DA:174,0
DA:175,0
DA:176,0
DA:177,0
LF:70
LH:0
end_of_record
SF:lib\core\notifications\local_notification_service.dart
DA:14,0
DA:15,0
DA:27,0
DA:29,0
DA:31,0
DA:32,0
DA:42,0
DA:44,0
DA:49,0
DA:50,0
DA:51,0
DA:56,0
DA:58,0
DA:62,0
DA:67,0
DA:68,0
DA:69,0
DA:71,0
DA:84,0
DA:86,0
DA:87,0
DA:88,0
DA:89,0
DA:95,0
DA:99,0
DA:101,0
DA:104,0
DA:106,0
LF:28
LH:0
end_of_record
SF:lib\core\wear\state\wear_providers.dart
DA:5,0
DA:6,0
DA:9,0
DA:10,0
DA:13,0
DA:14,0
LF:6
LH:0
end_of_record
SF:lib\features\auth\data\firebase_auth_repository.dart
DA:15,0
DA:16,0
DA:20,0
DA:22,0
DA:23,0
DA:24,0
DA:25,0
DA:26,0
DA:27,0
DA:29,0
DA:35,0
DA:37,0
DA:39,0
DA:40,0
DA:42,0
DA:45,0
DA:46,0
DA:47,0
DA:48,0
DA:49,0
DA:53,0
DA:61,0
DA:62,0
LF:23
LH:0
end_of_record
SF:lib\features\donor_wall\data\cloud_donor_wall_repository.dart
DA:12,0
DA:16,0
DA:18,0
DA:19,0
DA:25,0
DA:27,0
DA:28,0
DA:29,0
DA:30,0
DA:31,0
DA:32,0
DA:33,0
DA:34,0
DA:37,0
DA:39,0
DA:40,0
DA:41,0
DA:42,0
DA:43,0
DA:44,0
DA:45,0
DA:46,0
DA:49,0
DA:54,0
DA:56,0
DA:58,0
DA:59,0
DA:60,0
DA:64,0
DA:66,0
DA:68,0
DA:69,0
DA:70,0
LF:33
LH:0
end_of_record
SF:lib\features\equipment\data\cloud_functions_equipment_report_service.dart
DA:14,0
DA:18,0
DA:19,0
DA:24,0
DA:26,0
DA:28,0
DA:30,0
DA:32,0
DA:34,0
DA:35,0
DA:36,0
LF:11
LH:0
end_of_record
SF:lib\features\moments\data\prefs_moment_repository.dart
DA:10,0
DA:19,0
DA:20,0
DA:21,0
DA:24,0
DA:26,0
DA:28,0
DA:30,0
DA:33,0
DA:34,0
DA:36,0
DA:38,0
DA:39,0
DA:40,0
DA:41,0
DA:42,0
DA:46,0
DA:48,0
DA:50,0
DA:53,0
DA:55,0
DA:57,0
DA:59,0
DA:60,0
LF:24
LH:0
end_of_record
SF:lib\features\profile\data\firestore_profile_repository.dart
DA:12,0
DA:13,0
DA:18,0
DA:19,0
DA:21,0
DA:22,0
DA:23,0
DA:24,0
DA:25,0
DA:26,0
DA:27,0
DA:28,0
DA:29,0
DA:31,0
DA:32,0
DA:33,0
DA:34,0
DA:35,0
DA:36,0
DA:37,0
DA:38,0
DA:39,0
DA:40,0
DA:41,0
DA:43,0
DA:44,0
DA:45,0
DA:46,0
DA:47,0
DA:48,0
DA:49,0
DA:50,0
DA:52,0
DA:53,0
DA:54,0
DA:55,0
DA:56,0
DA:58,0
DA:59,0
DA:60,0
DA:61,0
DA:62,0
DA:63,0
DA:64,0
DA:66,0
DA:67,0
DA:68,0
DA:70,0
DA:71,0
DA:73,0
DA:74,0
DA:78,0
DA:79,0
DA:80,0
DA:81,0
DA:86,0
DA:88,0
DA:89,0
DA:90,0
DA:91,0
DA:92,0
DA:93,0
DA:94,0
DA:95,0
DA:96,0
DA:97,0
DA:98,0
DA:100,0
DA:101,0
DA:102,0
DA:103,0
DA:104,0
DA:105,0
DA:107,0
DA:109,0
DA:110,0
DA:111,0
DA:112,0
DA:113,0
DA:114,0
DA:115,0
DA:116,0
DA:118,0
DA:120,0
DA:122,0
DA:123,0
DA:125,0
DA:126,0
DA:127,0
DA:128,0
DA:129,0
DA:130,0
DA:131,0
DA:132,0
DA:134,0
DA:135,0
DA:137,0
DA:138,0
DA:139,0
DA:141,0
DA:142,0
DA:143,0
DA:144,0
DA:145,0
DA:146,0
DA:147,0
DA:148,0
DA:149,0
DA:151,0
DA:153,0
DA:154,0
DA:156,0
DA:158,0
DA:159,0
DA:160,0
DA:161,0
DA:162,0
DA:163,0
DA:164,0
DA:165,0
DA:171,0
DA:173,0
DA:174,0
DA:175,0
DA:178,0
DA:180,0
DA:181,0
DA:185,0
DA:186,0
DA:188,0
DA:190,0
DA:191,0
DA:192,0
DA:193,0
DA:197,0
DA:199,0
DA:200,0
DA:203,0
DA:205,0
DA:206,0
LF:140
LH:0
end_of_record
SF:lib\features\subscription\data\cloud_functions_stripe_service.dart
DA:13,0
DA:18,0
DA:19,0
DA:21,0
DA:22,0
DA:28,0
DA:30,0
DA:32,0
DA:34,0
DA:35,0
DA:47,0
DA:48,0
DA:50,0
DA:52,0
DA:55,0
DA:57,0
DA:58,0
DA:60,0
DA:61,0
DA:63,0
DA:64,0
DA:68,0
DA:73,0
DA:74,0
DA:75,0
DA:76,0
DA:77,0
DA:79,0
DA:80,0
DA:81,0
DA:83,0
DA:85,0
DA:91,0
DA:93,0
DA:94,0
DA:95,0
DA:96,0
DA:97,0
DA:98,0
DA:100,0
DA:102,0
LF:41
LH:0
end_of_record
SF:lib\features\subscription\data\firestore_subscription_repository.dart
DA:10,0
DA:11,0
DA:16,0
DA:17,0
DA:19,0
DA:20,0
DA:21,0
DA:22,0
DA:23,0
DA:24,0
DA:27,0
DA:30,0
DA:32,0
DA:33,0
DA:34,0
DA:37,0
DA:39,0
DA:40,0
DA:45,0
DA:46,0
DA:48,0
DA:50,0
DA:51,0
DA:54,0
DA:56,0
DA:57,0
LF:26
LH:0
end_of_record
SF:lib\features\visual_equipment\data\mlkit_visual_equipment_service.dart
DA:21,0
DA:41,0
DA:42,0
DA:46,0
DA:47,0
DA:48,0
DA:52,0
DA:53,0
DA:56,0
DA:61,0
DA:62,0
DA:65,0
DA:71,0
DA:72,0
DA:73,0
DA:74,0
DA:80,0
DA:86,0
DA:87,0
DA:88,0
DA:89,0
DA:91,0
DA:93,0
DA:94,0
DA:97,0
DA:106,0
DA:107,0
DA:108,0
LF:28
LH:0
end_of_record
SF:lib\features\workouts\data\firestore_scheduled_session_repository.dart
DA:8,0
DA:9,0
DA:14,0
DA:15,0
DA:17,0
DA:18,0
DA:19,0
DA:20,0
DA:21,0
DA:23,0
DA:24,0
DA:27,0
DA:29,0
DA:30,0
DA:31,0
DA:32,0
DA:33,0
DA:34,0
DA:39,0
DA:41,0
DA:43,0
DA:45,0
DA:48,0
DA:50,0
DA:53,0
DA:55,0
DA:56,0
DA:57,0
DA:58,0
DA:60,0
DA:61,0
LF:31
LH:0
end_of_record
SF:lib\features\workouts\data\firestore_workout_log_repository.dart
DA:10,0
DA:11,0
DA:16,0
DA:17,0
DA:19,0
DA:20,0
DA:21,0
DA:22,0
DA:23,0
DA:25,0
DA:26,0
DA:29,0
DA:31,0
DA:32,0
DA:33,0
DA:34,0
DA:35,0
DA:36,0
DA:41,0
DA:43,0
DA:45,0
DA:47,0
DA:50,0
DA:52,0
DA:55,0
DA:57,0
DA:58,0
DA:59,0
DA:60,0
DA:62,0
DA:63,0
LF:31
LH:0
end_of_record
SF:lib\firebase_options.dart
DA:18,0
DA:20,0
DA:25,0
DA:26,0
DA:28,0
DA:29,0
DA:33,0
DA:34,0
DA:38,0
DA:39,0
DA:43,0
DA:44,0
DA:49,0
LF:13
LH:0
end_of_record
